{"/home/jop/work/chanomhub/chanomhub-sdk/client.ts": {"path":"/home/jop/work/chanomhub/chanomhub-sdk/client.ts","statementMap":{"0":{"start":{"line":28,"column":4},"end":{"line":93,"column":null}},"1":{"start":{"line":33,"column":48},"end":{"line":36,"column":null}},"2":{"start":{"line":38,"column":8},"end":{"line":40,"column":null}},"3":{"start":{"line":39,"column":12},"end":{"line":39,"column":null}},"4":{"start":{"line":43,"column":42},"end":{"line":51,"column":null}},"5":{"start":{"line":56,"column":25},"end":{"line":56,"column":null}},"6":{"start":{"line":57,"column":29},"end":{"line":57,"column":null}},"7":{"start":{"line":59,"column":8},"end":{"line":61,"column":null}},"8":{"start":{"line":60,"column":12},"end":{"line":60,"column":null}},"9":{"start":{"line":63,"column":8},"end":{"line":92,"column":null}},"10":{"start":{"line":64,"column":24},"end":{"line":64,"column":null}},"11":{"start":{"line":66,"column":12},"end":{"line":73,"column":null}},"12":{"start":{"line":67,"column":34},"end":{"line":67,"column":null}},"13":{"start":{"line":68,"column":16},"end":{"line":68,"column":null}},"14":{"start":{"line":69,"column":16},"end":{"line":72,"column":null}},"15":{"start":{"line":75,"column":25},"end":{"line":75,"column":null}},"16":{"start":{"line":77,"column":12},"end":{"line":80,"column":null}},"17":{"start":{"line":78,"column":16},"end":{"line":78,"column":null}},"18":{"start":{"line":79,"column":16},"end":{"line":79,"column":null}},"19":{"start":{"line":83,"column":18},"end":{"line":83,"column":null}},"20":{"start":{"line":85,"column":12},"end":{"line":85,"column":null}},"21":{"start":{"line":87,"column":12},"end":{"line":87,"column":null}},"22":{"start":{"line":88,"column":12},"end":{"line":91,"column":null}},"23":{"start":{"line":113,"column":4},"end":{"line":171,"column":null}},"24":{"start":{"line":120,"column":41},"end":{"line":120,"column":null}},"25":{"start":{"line":122,"column":48},"end":{"line":125,"column":null}},"26":{"start":{"line":127,"column":8},"end":{"line":129,"column":null}},"27":{"start":{"line":128,"column":12},"end":{"line":128,"column":null}},"28":{"start":{"line":131,"column":42},"end":{"line":135,"column":null}},"29":{"start":{"line":137,"column":8},"end":{"line":139,"column":null}},"30":{"start":{"line":138,"column":12},"end":{"line":138,"column":null}},"31":{"start":{"line":141,"column":8},"end":{"line":170,"column":null}},"32":{"start":{"line":142,"column":24},"end":{"line":142,"column":null}},"33":{"start":{"line":144,"column":12},"end":{"line":151,"column":null}},"34":{"start":{"line":145,"column":34},"end":{"line":145,"column":null}},"35":{"start":{"line":146,"column":16},"end":{"line":146,"column":null}},"36":{"start":{"line":147,"column":16},"end":{"line":150,"column":null}},"37":{"start":{"line":154,"column":12},"end":{"line":156,"column":null}},"38":{"start":{"line":155,"column":16},"end":{"line":155,"column":null}},"39":{"start":{"line":158,"column":25},"end":{"line":158,"column":null}},"40":{"start":{"line":161,"column":18},"end":{"line":161,"column":null}},"41":{"start":{"line":163,"column":12},"end":{"line":163,"column":null}},"42":{"start":{"line":165,"column":12},"end":{"line":165,"column":null}},"43":{"start":{"line":166,"column":12},"end":{"line":169,"column":null}}},"fnMap":{"0":{"name":"createGraphQLClient","decl":{"start":{"line":27,"column":16},"end":{"line":27,"column":36}},"loc":{"start":{"line":27,"column":61},"end":{"line":94,"column":null}},"line":27},"1":{"name":"graphqlFetch","decl":{"start":{"line":28,"column":26},"end":{"line":28,"column":null}},"loc":{"start":{"line":32,"column":35},"end":{"line":93,"column":null}},"line":32},"2":{"name":"createRestClient","decl":{"start":{"line":112,"column":16},"end":{"line":112,"column":33}},"loc":{"start":{"line":112,"column":58},"end":{"line":172,"column":null}},"line":112},"3":{"name":"restFetch","decl":{"start":{"line":113,"column":26},"end":{"line":113,"column":null}},"loc":{"start":{"line":119,"column":32},"end":{"line":171,"column":null}},"line":119}},"branchMap":{"0":{"loc":{"start":{"line":30,"column":8},"end":{"line":30,"column":null}},"type":"default-arg","locations":[{"start":{"line":30,"column":45},"end":{"line":30,"column":null}}],"line":30},"1":{"loc":{"start":{"line":31,"column":8},"end":{"line":31,"column":null}},"type":"default-arg","locations":[{"start":{"line":31,"column":32},"end":{"line":31,"column":null}}],"line":31},"2":{"loc":{"start":{"line":38,"column":8},"end":{"line":40,"column":null}},"type":"if","locations":[{"start":{"line":38,"column":8},"end":{"line":40,"column":null}},{"start":{},"end":{}}],"line":38},"3":{"loc":{"start":{"line":49,"column":20},"end":{"line":49,"column":null}},"type":"binary-expr","locations":[{"start":{"line":49,"column":20},"end":{"line":49,"column":45}},{"start":{"line":49,"column":45},"end":{"line":49,"column":null}}],"line":49},"4":{"loc":{"start":{"line":56,"column":25},"end":{"line":56,"column":null}},"type":"binary-expr","locations":[{"start":{"line":56,"column":25},"end":{"line":56,"column":45}},{"start":{"line":56,"column":45},"end":{"line":56,"column":null}}],"line":56},"5":{"loc":{"start":{"line":57,"column":29},"end":{"line":57,"column":null}},"type":"binary-expr","locations":[{"start":{"line":57,"column":29},"end":{"line":57,"column":53}},{"start":{"line":57,"column":53},"end":{"line":57,"column":83}},{"start":{"line":57,"column":83},"end":{"line":57,"column":null}}],"line":57},"6":{"loc":{"start":{"line":59,"column":8},"end":{"line":61,"column":null}},"type":"if","locations":[{"start":{"line":59,"column":8},"end":{"line":61,"column":null}},{"start":{},"end":{}}],"line":59},"7":{"loc":{"start":{"line":59,"column":12},"end":{"line":59,"column":45}},"type":"binary-expr","locations":[{"start":{"line":59,"column":12},"end":{"line":59,"column":25}},{"start":{"line":59,"column":25},"end":{"line":59,"column":45}}],"line":59},"8":{"loc":{"start":{"line":66,"column":12},"end":{"line":73,"column":null}},"type":"if","locations":[{"start":{"line":66,"column":12},"end":{"line":73,"column":null}},{"start":{},"end":{}}],"line":66},"9":{"loc":{"start":{"line":77,"column":12},"end":{"line":80,"column":null}},"type":"if","locations":[{"start":{"line":77,"column":12},"end":{"line":80,"column":null}},{"start":{},"end":{}}],"line":77},"10":{"loc":{"start":{"line":90,"column":36},"end":{"line":90,"column":93}},"type":"cond-expr","locations":[{"start":{"line":90,"column":61},"end":{"line":90,"column":77}},{"start":{"line":90,"column":77},"end":{"line":90,"column":93}}],"line":90},"11":{"loc":{"start":{"line":115,"column":8},"end":{"line":118,"column":null}},"type":"default-arg","locations":[{"start":{"line":118,"column":12},"end":{"line":118,"column":null}}],"line":115},"12":{"loc":{"start":{"line":120,"column":16},"end":{"line":120,"column":32}},"type":"default-arg","locations":[{"start":{"line":120,"column":25},"end":{"line":120,"column":32}}],"line":120},"13":{"loc":{"start":{"line":127,"column":8},"end":{"line":129,"column":null}},"type":"if","locations":[{"start":{"line":127,"column":8},"end":{"line":129,"column":null}},{"start":{},"end":{}}],"line":127},"14":{"loc":{"start":{"line":137,"column":8},"end":{"line":139,"column":null}},"type":"if","locations":[{"start":{"line":137,"column":8},"end":{"line":139,"column":null}},{"start":{},"end":{}}],"line":137},"15":{"loc":{"start":{"line":144,"column":12},"end":{"line":151,"column":null}},"type":"if","locations":[{"start":{"line":144,"column":12},"end":{"line":151,"column":null}},{"start":{},"end":{}}],"line":144},"16":{"loc":{"start":{"line":154,"column":12},"end":{"line":156,"column":null}},"type":"if","locations":[{"start":{"line":154,"column":12},"end":{"line":156,"column":null}},{"start":{},"end":{}}],"line":154},"17":{"loc":{"start":{"line":168,"column":23},"end":{"line":168,"column":null}},"type":"cond-expr","locations":[{"start":{"line":168,"column":48},"end":{"line":168,"column":64}},{"start":{"line":168,"column":64},"end":{"line":168,"column":null}}],"line":168}},"s":{"0":14,"1":8,"2":8,"3":0,"4":8,"5":8,"6":8,"7":8,"8":0,"9":8,"10":8,"11":8,"12":0,"13":0,"14":0,"15":8,"16":8,"17":0,"18":0,"19":8,"20":8,"21":0,"22":0,"23":14,"24":7,"25":7,"26":7,"27":5,"28":7,"29":7,"30":0,"31":7,"32":7,"33":7,"34":1,"35":1,"36":1,"37":6,"38":0,"39":6,"40":6,"41":6,"42":0,"43":0},"f":{"0":14,"1":8,"2":14,"3":7},"b":{"0":[8],"1":[8],"2":[0,8],"3":[8,8],"4":[8,8],"5":[8,8,0],"6":[0,8],"7":[8,8],"8":[0,8],"9":[0,8],"10":[0,0],"11":[7],"12":[7],"13":[5,2],"14":[0,7],"15":[1,6],"16":[0,6],"17":[0,0]},"meta":{"lastBranch":18,"lastFunction":4,"lastStatement":44,"seen":{"f:27:16:27:36":0,"s:28:4:93:Infinity":0,"f:28:26:28:Infinity":1,"b:30:45:30:Infinity":0,"b:31:32:31:Infinity":1,"s:33:48:36:Infinity":1,"b:38:8:40:Infinity:undefined:undefined:undefined:undefined":2,"s:38:8:40:Infinity":2,"s:39:12:39:Infinity":3,"s:43:42:51:Infinity":4,"b:49:20:49:45:49:45:49:Infinity":3,"s:56:25:56:Infinity":5,"b:56:25:56:45:56:45:56:Infinity":4,"s:57:29:57:Infinity":6,"b:57:29:57:53:57:53:57:83:57:83:57:Infinity":5,"b:59:8:61:Infinity:undefined:undefined:undefined:undefined":6,"s:59:8:61:Infinity":7,"b:59:12:59:25:59:25:59:45":7,"s:60:12:60:Infinity":8,"s:63:8:92:Infinity":9,"s:64:24:64:Infinity":10,"b:66:12:73:Infinity:undefined:undefined:undefined:undefined":8,"s:66:12:73:Infinity":11,"s:67:34:67:Infinity":12,"s:68:16:68:Infinity":13,"s:69:16:72:Infinity":14,"s:75:25:75:Infinity":15,"b:77:12:80:Infinity:undefined:undefined:undefined:undefined":9,"s:77:12:80:Infinity":16,"s:78:16:78:Infinity":17,"s:79:16:79:Infinity":18,"s:83:18:83:Infinity":19,"s:85:12:85:Infinity":20,"s:87:12:87:Infinity":21,"s:88:12:91:Infinity":22,"b:90:61:90:77:90:77:90:93":10,"f:112:16:112:33":2,"s:113:4:171:Infinity":23,"f:113:26:113:Infinity":3,"b:118:12:118:Infinity":11,"s:120:41:120:Infinity":24,"b:120:25:120:32":12,"s:122:48:125:Infinity":25,"b:127:8:129:Infinity:undefined:undefined:undefined:undefined":13,"s:127:8:129:Infinity":26,"s:128:12:128:Infinity":27,"s:131:42:135:Infinity":28,"b:137:8:139:Infinity:undefined:undefined:undefined:undefined":14,"s:137:8:139:Infinity":29,"s:138:12:138:Infinity":30,"s:141:8:170:Infinity":31,"s:142:24:142:Infinity":32,"b:144:12:151:Infinity:undefined:undefined:undefined:undefined":15,"s:144:12:151:Infinity":33,"s:145:34:145:Infinity":34,"s:146:16:146:Infinity":35,"s:147:16:150:Infinity":36,"b:154:12:156:Infinity:undefined:undefined:undefined:undefined":16,"s:154:12:156:Infinity":37,"s:155:16:155:Infinity":38,"s:158:25:158:Infinity":39,"s:161:18:161:Infinity":40,"s:163:12:163:Infinity":41,"s:165:12:165:Infinity":42,"s:166:12:169:Infinity":43,"b:168:48:168:64:168:64:168:Infinity":17}}}
,"/home/jop/work/chanomhub/chanomhub-sdk/config.ts": {"path":"/home/jop/work/chanomhub/chanomhub-sdk/config.ts","statementMap":{"0":{"start":{"line":16,"column":47},"end":{"line":20,"column":null}}},"fnMap":{},"branchMap":{},"s":{"0":1},"f":{},"b":{},"meta":{"lastBranch":0,"lastFunction":0,"lastStatement":1,"seen":{"s:16:47:20:Infinity":0}}}
,"/home/jop/work/chanomhub/chanomhub-sdk/index.ts": {"path":"/home/jop/work/chanomhub/chanomhub-sdk/index.ts","statementMap":{"0":{"start":{"line":83,"column":40},"end":{"line":86,"column":null}},"1":{"start":{"line":88,"column":10},"end":{"line":88,"column":null}},"2":{"start":{"line":89,"column":10},"end":{"line":89,"column":null}},"3":{"start":{"line":90,"column":10},"end":{"line":90,"column":null}},"4":{"start":{"line":91,"column":10},"end":{"line":91,"column":null}},"5":{"start":{"line":92,"column":10},"end":{"line":92,"column":null}},"6":{"start":{"line":93,"column":10},"end":{"line":93,"column":null}},"7":{"start":{"line":95,"column":4},"end":{"line":102,"column":null}},"8":{"start":{"line":114,"column":4},"end":{"line":118,"column":null}}},"fnMap":{"0":{"name":"createChanomhubClient","decl":{"start":{"line":82,"column":16},"end":{"line":82,"column":38}},"loc":{"start":{"line":82,"column":94},"end":{"line":103,"column":null}},"line":82},"1":{"name":"createAuthenticatedClient","decl":{"start":{"line":113,"column":16},"end":{"line":113,"column":42}},"loc":{"start":{"line":113,"column":113},"end":{"line":119,"column":null}},"line":113}},"branchMap":{"0":{"loc":{"start":{"line":82,"column":38},"end":{"line":82,"column":94}},"type":"default-arg","locations":[{"start":{"line":82,"column":73},"end":{"line":82,"column":94}}],"line":82},"1":{"loc":{"start":{"line":113,"column":57},"end":{"line":113,"column":113}},"type":"default-arg","locations":[{"start":{"line":113,"column":92},"end":{"line":113,"column":113}}],"line":113}},"s":{"0":14,"1":14,"2":14,"3":14,"4":14,"5":14,"6":14,"7":14,"8":5},"f":{"0":14,"1":5},"b":{"0":[14],"1":[5]},"meta":{"lastBranch":2,"lastFunction":2,"lastStatement":9,"seen":{"f:82:16:82:38":0,"b:82:73:82:94":0,"s:83:40:86:Infinity":0,"s:88:10:88:Infinity":1,"s:89:10:89:Infinity":2,"s:90:10:90:Infinity":3,"s:91:10:91:Infinity":4,"s:92:10:92:Infinity":5,"s:93:10:93:Infinity":6,"s:95:4:102:Infinity":7,"f:113:16:113:42":1,"b:113:92:113:113":1,"s:114:4:118:Infinity":8}}}
,"/home/jop/work/chanomhub/chanomhub-sdk/errors/index.ts": {"path":"/home/jop/work/chanomhub/chanomhub-sdk/errors/index.ts","statementMap":{"0":{"start":{"line":13,"column":8},"end":{"line":13,"column":null}},"1":{"start":{"line":14,"column":8},"end":{"line":14,"column":null}},"2":{"start":{"line":15,"column":8},"end":{"line":15,"column":null}},"3":{"start":{"line":16,"column":8},"end":{"line":16,"column":null}},"4":{"start":{"line":19,"column":8},"end":{"line":21,"column":null}},"5":{"start":{"line":20,"column":12},"end":{"line":20,"column":null}},"6":{"start":{"line":28,"column":8},"end":{"line":28,"column":null}},"7":{"start":{"line":29,"column":8},"end":{"line":29,"column":null}},"8":{"start":{"line":36,"column":8},"end":{"line":36,"column":null}},"9":{"start":{"line":37,"column":8},"end":{"line":37,"column":null}},"10":{"start":{"line":44,"column":8},"end":{"line":44,"column":null}},"11":{"start":{"line":45,"column":8},"end":{"line":45,"column":null}},"12":{"start":{"line":54,"column":8},"end":{"line":54,"column":null}},"13":{"start":{"line":55,"column":8},"end":{"line":55,"column":null}},"14":{"start":{"line":56,"column":8},"end":{"line":56,"column":null}},"15":{"start":{"line":63,"column":8},"end":{"line":63,"column":null}},"16":{"start":{"line":64,"column":8},"end":{"line":64,"column":null}},"17":{"start":{"line":73,"column":8},"end":{"line":73,"column":null}},"18":{"start":{"line":74,"column":8},"end":{"line":74,"column":null}},"19":{"start":{"line":75,"column":8},"end":{"line":75,"column":null}},"20":{"start":{"line":83,"column":4},"end":{"line":96,"column":null}},"21":{"start":{"line":85,"column":12},"end":{"line":85,"column":null}},"22":{"start":{"line":87,"column":12},"end":{"line":87,"column":null}},"23":{"start":{"line":89,"column":12},"end":{"line":89,"column":null}},"24":{"start":{"line":91,"column":12},"end":{"line":91,"column":null}},"25":{"start":{"line":93,"column":12},"end":{"line":93,"column":null}},"26":{"start":{"line":95,"column":12},"end":{"line":95,"column":null}}},"fnMap":{"0":{"name":"(anonymous_0)","decl":{"start":{"line":12,"column":4},"end":{"line":12,"column":16}},"loc":{"start":{"line":12,"column":91},"end":{"line":22,"column":null}},"line":12},"1":{"name":"(anonymous_1)","decl":{"start":{"line":27,"column":4},"end":{"line":27,"column":16}},"loc":{"start":{"line":27,"column":61},"end":{"line":30,"column":null}},"line":27},"2":{"name":"(anonymous_2)","decl":{"start":{"line":35,"column":4},"end":{"line":35,"column":16}},"loc":{"start":{"line":35,"column":55},"end":{"line":38,"column":null}},"line":35},"3":{"name":"(anonymous_3)","decl":{"start":{"line":43,"column":4},"end":{"line":43,"column":16}},"loc":{"start":{"line":43,"column":56},"end":{"line":46,"column":null}},"line":43},"4":{"name":"(anonymous_4)","decl":{"start":{"line":53,"column":4},"end":{"line":53,"column":16}},"loc":{"start":{"line":53,"column":90},"end":{"line":57,"column":null}},"line":53},"5":{"name":"(anonymous_5)","decl":{"start":{"line":62,"column":4},"end":{"line":62,"column":16}},"loc":{"start":{"line":62,"column":60},"end":{"line":65,"column":null}},"line":62},"6":{"name":"(anonymous_6)","decl":{"start":{"line":72,"column":4},"end":{"line":72,"column":16}},"loc":{"start":{"line":72,"column":78},"end":{"line":76,"column":null}},"line":72},"7":{"name":"createErrorFromStatus","decl":{"start":{"line":82,"column":16},"end":{"line":82,"column":38}},"loc":{"start":{"line":82,"column":87},"end":{"line":97,"column":null}},"line":82}},"branchMap":{"0":{"loc":{"start":{"line":12,"column":33},"end":{"line":12,"column":59}},"type":"default-arg","locations":[{"start":{"line":12,"column":54},"end":{"line":12,"column":59}}],"line":12},"1":{"loc":{"start":{"line":12,"column":59},"end":{"line":12,"column":91}},"type":"default-arg","locations":[{"start":{"line":12,"column":74},"end":{"line":12,"column":91}}],"line":12},"2":{"loc":{"start":{"line":19,"column":8},"end":{"line":21,"column":null}},"type":"if","locations":[{"start":{"line":19,"column":8},"end":{"line":21,"column":null}},{"start":{},"end":{}}],"line":19},"3":{"loc":{"start":{"line":27,"column":16},"end":{"line":27,"column":61}},"type":"default-arg","locations":[{"start":{"line":27,"column":34},"end":{"line":27,"column":61}}],"line":27},"4":{"loc":{"start":{"line":35,"column":16},"end":{"line":35,"column":55}},"type":"default-arg","locations":[{"start":{"line":35,"column":34},"end":{"line":35,"column":55}}],"line":35},"5":{"loc":{"start":{"line":43,"column":16},"end":{"line":43,"column":56}},"type":"default-arg","locations":[{"start":{"line":43,"column":34},"end":{"line":43,"column":56}}],"line":43},"6":{"loc":{"start":{"line":53,"column":16},"end":{"line":53,"column":55}},"type":"default-arg","locations":[{"start":{"line":53,"column":34},"end":{"line":53,"column":55}}],"line":53},"7":{"loc":{"start":{"line":62,"column":16},"end":{"line":62,"column":60}},"type":"default-arg","locations":[{"start":{"line":62,"column":34},"end":{"line":62,"column":60}}],"line":62},"8":{"loc":{"start":{"line":72,"column":16},"end":{"line":72,"column":57}},"type":"default-arg","locations":[{"start":{"line":72,"column":34},"end":{"line":72,"column":57}}],"line":72},"9":{"loc":{"start":{"line":83,"column":4},"end":{"line":96,"column":null}},"type":"switch","locations":[{"start":{"line":84,"column":8},"end":{"line":85,"column":null}},{"start":{"line":86,"column":8},"end":{"line":87,"column":null}},{"start":{"line":88,"column":8},"end":{"line":89,"column":null}},{"start":{"line":90,"column":8},"end":{"line":91,"column":null}},{"start":{"line":92,"column":8},"end":{"line":93,"column":null}},{"start":{"line":94,"column":8},"end":{"line":95,"column":null}}],"line":83}},"s":{"0":0,"1":0,"2":0,"3":0,"4":0,"5":0,"6":0,"7":0,"8":0,"9":0,"10":0,"11":0,"12":0,"13":0,"14":0,"15":0,"16":0,"17":0,"18":0,"19":0,"20":0,"21":0,"22":0,"23":0,"24":0,"25":0,"26":0},"f":{"0":0,"1":0,"2":0,"3":0,"4":0,"5":0,"6":0,"7":0},"b":{"0":[0],"1":[0],"2":[0,0],"3":[0],"4":[0],"5":[0],"6":[0],"7":[0],"8":[0],"9":[0,0,0,0,0,0]},"meta":{"lastBranch":10,"lastFunction":8,"lastStatement":27,"seen":{"f:12:4:12:16":0,"b:12:54:12:59":0,"b:12:74:12:91":1,"s:13:8:13:Infinity":0,"s:14:8:14:Infinity":1,"s:15:8:15:Infinity":2,"s:16:8:16:Infinity":3,"b:19:8:21:Infinity:undefined:undefined:undefined:undefined":2,"s:19:8:21:Infinity":4,"s:20:12:20:Infinity":5,"f:27:4:27:16":1,"b:27:34:27:61":3,"s:28:8:28:Infinity":6,"s:29:8:29:Infinity":7,"f:35:4:35:16":2,"b:35:34:35:55":4,"s:36:8:36:Infinity":8,"s:37:8:37:Infinity":9,"f:43:4:43:16":3,"b:43:34:43:56":5,"s:44:8:44:Infinity":10,"s:45:8:45:Infinity":11,"f:53:4:53:16":4,"b:53:34:53:55":6,"s:54:8:54:Infinity":12,"s:55:8:55:Infinity":13,"s:56:8:56:Infinity":14,"f:62:4:62:16":5,"b:62:34:62:60":7,"s:63:8:63:Infinity":15,"s:64:8:64:Infinity":16,"f:72:4:72:16":6,"b:72:34:72:57":8,"s:73:8:73:Infinity":17,"s:74:8:74:Infinity":18,"s:75:8:75:Infinity":19,"f:82:16:82:38":7,"b:84:8:85:Infinity:86:8:87:Infinity:88:8:89:Infinity:90:8:91:Infinity:92:8:93:Infinity:94:8:95:Infinity":9,"s:83:4:96:Infinity":20,"s:85:12:85:Infinity":21,"s:87:12:87:Infinity":22,"s:89:12:89:Infinity":23,"s:91:12:91:Infinity":24,"s:93:12:93:Infinity":25,"s:95:12:95:Infinity":26}}}
,"/home/jop/work/chanomhub/chanomhub-sdk/repositories/articleRepository.ts": {"path":"/home/jop/work/chanomhub/chanomhub-sdk/repositories/articleRepository.ts","statementMap":{"0":{"start":{"line":17,"column":61},"end":{"line":34,"column":null}},"1":{"start":{"line":39,"column":53},"end":{"line":101,"column":null}},"2":{"start":{"line":107,"column":42},"end":{"line":107,"column":null}},"3":{"start":{"line":108,"column":25},"end":{"line":108,"column":null}},"4":{"start":{"line":110,"column":2},"end":{"line":113,"column":null}},"5":{"start":{"line":111,"column":18},"end":{"line":111,"column":39}},"6":{"start":{"line":145,"column":90},"end":{"line":145,"column":null}},"7":{"start":{"line":148,"column":34},"end":{"line":148,"column":null}},"8":{"start":{"line":149,"column":4},"end":{"line":149,"column":null}},"9":{"start":{"line":149,"column":20},"end":{"line":149,"column":null}},"10":{"start":{"line":150,"column":4},"end":{"line":150,"column":null}},"11":{"start":{"line":150,"column":25},"end":{"line":150,"column":null}},"12":{"start":{"line":151,"column":4},"end":{"line":151,"column":null}},"13":{"start":{"line":151,"column":25},"end":{"line":151,"column":null}},"14":{"start":{"line":152,"column":4},"end":{"line":152,"column":null}},"15":{"start":{"line":152,"column":23},"end":{"line":152,"column":null}},"16":{"start":{"line":153,"column":4},"end":{"line":153,"column":null}},"17":{"start":{"line":153,"column":40},"end":{"line":153,"column":null}},"18":{"start":{"line":155,"column":22},"end":{"line":155,"column":null}},"19":{"start":{"line":156,"column":24},"end":{"line":156,"column":null}},"20":{"start":{"line":158,"column":18},"end":{"line":160,"column":null}},"21":{"start":{"line":164,"column":29},"end":{"line":166,"column":null}},"22":{"start":{"line":168,"column":4},"end":{"line":171,"column":null}},"23":{"start":{"line":169,"column":6},"end":{"line":169,"column":null}},"24":{"start":{"line":170,"column":6},"end":{"line":170,"column":null}},"25":{"start":{"line":173,"column":4},"end":{"line":173,"column":null}},"26":{"start":{"line":177,"column":90},"end":{"line":177,"column":null}},"27":{"start":{"line":180,"column":34},"end":{"line":180,"column":null}},"28":{"start":{"line":181,"column":4},"end":{"line":181,"column":null}},"29":{"start":{"line":181,"column":20},"end":{"line":181,"column":null}},"30":{"start":{"line":182,"column":4},"end":{"line":182,"column":null}},"31":{"start":{"line":182,"column":25},"end":{"line":182,"column":null}},"32":{"start":{"line":183,"column":4},"end":{"line":183,"column":null}},"33":{"start":{"line":183,"column":25},"end":{"line":183,"column":null}},"34":{"start":{"line":184,"column":4},"end":{"line":184,"column":null}},"35":{"start":{"line":184,"column":23},"end":{"line":184,"column":null}},"36":{"start":{"line":185,"column":4},"end":{"line":185,"column":null}},"37":{"start":{"line":185,"column":40},"end":{"line":185,"column":null}},"38":{"start":{"line":187,"column":22},"end":{"line":187,"column":null}},"39":{"start":{"line":188,"column":27},"end":{"line":188,"column":null}},"40":{"start":{"line":189,"column":24},"end":{"line":189,"column":null}},"41":{"start":{"line":192,"column":18},"end":{"line":196,"column":null}},"42":{"start":{"line":199,"column":29},"end":{"line":201,"column":null}},"43":{"start":{"line":203,"column":4},"end":{"line":206,"column":null}},"44":{"start":{"line":204,"column":6},"end":{"line":204,"column":null}},"45":{"start":{"line":205,"column":6},"end":{"line":205,"column":null}},"46":{"start":{"line":208,"column":17},"end":{"line":208,"column":null}},"47":{"start":{"line":210,"column":4},"end":{"line":215,"column":null}},"48":{"start":{"line":219,"column":27},"end":{"line":219,"column":null}},"49":{"start":{"line":221,"column":18},"end":{"line":223,"column":null}},"50":{"start":{"line":227,"column":29},"end":{"line":229,"column":null}},"51":{"start":{"line":231,"column":4},"end":{"line":234,"column":null}},"52":{"start":{"line":232,"column":6},"end":{"line":232,"column":null}},"53":{"start":{"line":233,"column":6},"end":{"line":233,"column":null}},"54":{"start":{"line":236,"column":4},"end":{"line":236,"column":null}},"55":{"start":{"line":240,"column":27},"end":{"line":240,"column":null}},"56":{"start":{"line":242,"column":18},"end":{"line":244,"column":null}},"57":{"start":{"line":248,"column":29},"end":{"line":250,"column":null}},"58":{"start":{"line":252,"column":4},"end":{"line":255,"column":null}},"59":{"start":{"line":253,"column":6},"end":{"line":253,"column":null}},"60":{"start":{"line":254,"column":6},"end":{"line":254,"column":null}},"61":{"start":{"line":257,"column":4},"end":{"line":257,"column":null}},"62":{"start":{"line":261,"column":27},"end":{"line":261,"column":null}},"63":{"start":{"line":263,"column":18},"end":{"line":265,"column":null}},"64":{"start":{"line":269,"column":29},"end":{"line":271,"column":null}},"65":{"start":{"line":273,"column":4},"end":{"line":276,"column":null}},"66":{"start":{"line":274,"column":6},"end":{"line":274,"column":null}},"67":{"start":{"line":275,"column":6},"end":{"line":275,"column":null}},"68":{"start":{"line":278,"column":4},"end":{"line":278,"column":null}},"69":{"start":{"line":282,"column":18},"end":{"line":284,"column":null}},"70":{"start":{"line":288,"column":29},"end":{"line":290,"column":null}},"71":{"start":{"line":292,"column":4},"end":{"line":295,"column":null}},"72":{"start":{"line":293,"column":6},"end":{"line":293,"column":null}},"73":{"start":{"line":294,"column":6},"end":{"line":294,"column":null}},"74":{"start":{"line":297,"column":4},"end":{"line":297,"column":null}},"75":{"start":{"line":301,"column":18},"end":{"line":303,"column":null}},"76":{"start":{"line":321,"column":26},"end":{"line":321,"column":null}},"77":{"start":{"line":322,"column":4},"end":{"line":324,"column":null}},"78":{"start":{"line":323,"column":6},"end":{"line":323,"column":null}},"79":{"start":{"line":326,"column":29},"end":{"line":334,"column":null}},"80":{"start":{"line":336,"column":4},"end":{"line":339,"column":null}},"81":{"start":{"line":337,"column":6},"end":{"line":337,"column":null}},"82":{"start":{"line":338,"column":6},"end":{"line":338,"column":null}},"83":{"start":{"line":342,"column":4},"end":{"line":345,"column":null}},"84":{"start":{"line":343,"column":6},"end":{"line":343,"column":null}},"85":{"start":{"line":344,"column":6},"end":{"line":344,"column":null}},"86":{"start":{"line":347,"column":4},"end":{"line":350,"column":null}},"87":{"start":{"line":353,"column":2},"end":{"line":361,"column":null}}},"fnMap":{"0":{"name":"buildFieldsQuery","decl":{"start":{"line":106,"column":9},"end":{"line":106,"column":26}},"loc":{"start":{"line":106,"column":101},"end":{"line":114,"column":null}},"line":106},"1":{"name":"(anonymous_1)","decl":{"start":{"line":111,"column":9},"end":{"line":111,"column":18}},"loc":{"start":{"line":111,"column":18},"end":{"line":111,"column":39}},"line":111},"2":{"name":"createArticleRepository","decl":{"start":{"line":142,"column":16},"end":{"line":142,"column":40}},"loc":{"start":{"line":142,"column":84},"end":{"line":362,"column":null}},"line":142},"3":{"name":"getAll","decl":{"start":{"line":144,"column":17},"end":{"line":144,"column":24}},"loc":{"start":{"line":144,"column":86},"end":{"line":174,"column":null}},"line":144},"4":{"name":"getAllPaginated","decl":{"start":{"line":176,"column":17},"end":{"line":176,"column":33}},"loc":{"start":{"line":176,"column":112},"end":{"line":216,"column":null}},"line":176},"5":{"name":"getByTag","decl":{"start":{"line":218,"column":17},"end":{"line":218,"column":26}},"loc":{"start":{"line":218,"column":101},"end":{"line":237,"column":null}},"line":218},"6":{"name":"getByPlatform","decl":{"start":{"line":239,"column":17},"end":{"line":239,"column":31}},"loc":{"start":{"line":239,"column":111},"end":{"line":258,"column":null}},"line":239},"7":{"name":"getByCategory","decl":{"start":{"line":260,"column":17},"end":{"line":260,"column":31}},"loc":{"start":{"line":260,"column":111},"end":{"line":279,"column":null}},"line":260},"8":{"name":"getBySlug","decl":{"start":{"line":281,"column":17},"end":{"line":281,"column":27}},"loc":{"start":{"line":281,"column":85},"end":{"line":298,"column":null}},"line":281},"9":{"name":"getWithDownloads","decl":{"start":{"line":300,"column":17},"end":{"line":300,"column":34}},"loc":{"start":{"line":300,"column":98},"end":{"line":351,"column":null}},"line":300}},"branchMap":{"0":{"loc":{"start":{"line":106,"column":26},"end":{"line":106,"column":101}},"type":"default-arg","locations":[{"start":{"line":106,"column":89},"end":{"line":106,"column":101}}],"line":106},"1":{"loc":{"start":{"line":107,"column":10},"end":{"line":107,"column":31}},"type":"default-arg","locations":[{"start":{"line":107,"column":19},"end":{"line":107,"column":31}}],"line":107},"2":{"loc":{"start":{"line":108,"column":25},"end":{"line":108,"column":null}},"type":"binary-expr","locations":[{"start":{"line":108,"column":25},"end":{"line":108,"column":35}},{"start":{"line":108,"column":35},"end":{"line":108,"column":null}}],"line":108},"3":{"loc":{"start":{"line":144,"column":24},"end":{"line":144,"column":86}},"type":"default-arg","locations":[{"start":{"line":144,"column":54},"end":{"line":144,"column":86}}],"line":144},"4":{"loc":{"start":{"line":145,"column":12},"end":{"line":145,"column":24}},"type":"default-arg","locations":[{"start":{"line":145,"column":20},"end":{"line":145,"column":24}}],"line":145},"5":{"loc":{"start":{"line":145,"column":24},"end":{"line":145,"column":36}},"type":"default-arg","locations":[{"start":{"line":145,"column":33},"end":{"line":145,"column":36}}],"line":145},"6":{"loc":{"start":{"line":145,"column":36},"end":{"line":145,"column":58}},"type":"default-arg","locations":[{"start":{"line":145,"column":45},"end":{"line":145,"column":58}}],"line":145},"7":{"loc":{"start":{"line":145,"column":58},"end":{"line":145,"column":71}},"type":"default-arg","locations":[{"start":{"line":145,"column":67},"end":{"line":145,"column":71}}],"line":145},"8":{"loc":{"start":{"line":149,"column":4},"end":{"line":149,"column":null}},"type":"if","locations":[{"start":{"line":149,"column":4},"end":{"line":149,"column":null}},{"start":{},"end":{}}],"line":149},"9":{"loc":{"start":{"line":150,"column":4},"end":{"line":150,"column":null}},"type":"if","locations":[{"start":{"line":150,"column":4},"end":{"line":150,"column":null}},{"start":{},"end":{}}],"line":150},"10":{"loc":{"start":{"line":151,"column":4},"end":{"line":151,"column":null}},"type":"if","locations":[{"start":{"line":151,"column":4},"end":{"line":151,"column":null}},{"start":{},"end":{}}],"line":151},"11":{"loc":{"start":{"line":152,"column":4},"end":{"line":152,"column":null}},"type":"if","locations":[{"start":{"line":152,"column":4},"end":{"line":152,"column":null}},{"start":{},"end":{}}],"line":152},"12":{"loc":{"start":{"line":153,"column":4},"end":{"line":153,"column":null}},"type":"if","locations":[{"start":{"line":153,"column":4},"end":{"line":153,"column":null}},{"start":{},"end":{}}],"line":153},"13":{"loc":{"start":{"line":155,"column":22},"end":{"line":155,"column":null}},"type":"cond-expr","locations":[{"start":{"line":155,"column":47},"end":{"line":155,"column":91}},{"start":{"line":155,"column":91},"end":{"line":155,"column":null}}],"line":155},"14":{"loc":{"start":{"line":168,"column":4},"end":{"line":171,"column":null}},"type":"if","locations":[{"start":{"line":168,"column":4},"end":{"line":171,"column":null}},{"start":{},"end":{}}],"line":168},"15":{"loc":{"start":{"line":168,"column":8},"end":{"line":168,"column":25}},"type":"binary-expr","locations":[{"start":{"line":168,"column":8},"end":{"line":168,"column":18}},{"start":{"line":168,"column":18},"end":{"line":168,"column":25}}],"line":168},"16":{"loc":{"start":{"line":173,"column":11},"end":{"line":173,"column":null}},"type":"binary-expr","locations":[{"start":{"line":173,"column":11},"end":{"line":173,"column":28}},{"start":{"line":173,"column":28},"end":{"line":173,"column":null}}],"line":173},"17":{"loc":{"start":{"line":176,"column":33},"end":{"line":176,"column":112}},"type":"default-arg","locations":[{"start":{"line":176,"column":63},"end":{"line":176,"column":112}}],"line":176},"18":{"loc":{"start":{"line":177,"column":12},"end":{"line":177,"column":24}},"type":"default-arg","locations":[{"start":{"line":177,"column":20},"end":{"line":177,"column":24}}],"line":177},"19":{"loc":{"start":{"line":177,"column":24},"end":{"line":177,"column":36}},"type":"default-arg","locations":[{"start":{"line":177,"column":33},"end":{"line":177,"column":36}}],"line":177},"20":{"loc":{"start":{"line":177,"column":36},"end":{"line":177,"column":58}},"type":"default-arg","locations":[{"start":{"line":177,"column":45},"end":{"line":177,"column":58}}],"line":177},"21":{"loc":{"start":{"line":177,"column":58},"end":{"line":177,"column":71}},"type":"default-arg","locations":[{"start":{"line":177,"column":67},"end":{"line":177,"column":71}}],"line":177},"22":{"loc":{"start":{"line":181,"column":4},"end":{"line":181,"column":null}},"type":"if","locations":[{"start":{"line":181,"column":4},"end":{"line":181,"column":null}},{"start":{},"end":{}}],"line":181},"23":{"loc":{"start":{"line":182,"column":4},"end":{"line":182,"column":null}},"type":"if","locations":[{"start":{"line":182,"column":4},"end":{"line":182,"column":null}},{"start":{},"end":{}}],"line":182},"24":{"loc":{"start":{"line":183,"column":4},"end":{"line":183,"column":null}},"type":"if","locations":[{"start":{"line":183,"column":4},"end":{"line":183,"column":null}},{"start":{},"end":{}}],"line":183},"25":{"loc":{"start":{"line":184,"column":4},"end":{"line":184,"column":null}},"type":"if","locations":[{"start":{"line":184,"column":4},"end":{"line":184,"column":null}},{"start":{},"end":{}}],"line":184},"26":{"loc":{"start":{"line":185,"column":4},"end":{"line":185,"column":null}},"type":"if","locations":[{"start":{"line":185,"column":4},"end":{"line":185,"column":null}},{"start":{},"end":{}}],"line":185},"27":{"loc":{"start":{"line":187,"column":22},"end":{"line":187,"column":null}},"type":"cond-expr","locations":[{"start":{"line":187,"column":47},"end":{"line":187,"column":91}},{"start":{"line":187,"column":91},"end":{"line":187,"column":null}}],"line":187},"28":{"loc":{"start":{"line":188,"column":27},"end":{"line":188,"column":null}},"type":"cond-expr","locations":[{"start":{"line":188,"column":52},"end":{"line":188,"column":96}},{"start":{"line":188,"column":96},"end":{"line":188,"column":null}}],"line":188},"29":{"loc":{"start":{"line":203,"column":4},"end":{"line":206,"column":null}},"type":"if","locations":[{"start":{"line":203,"column":4},"end":{"line":206,"column":null}},{"start":{},"end":{}}],"line":203},"30":{"loc":{"start":{"line":203,"column":8},"end":{"line":203,"column":25}},"type":"binary-expr","locations":[{"start":{"line":203,"column":8},"end":{"line":203,"column":18}},{"start":{"line":203,"column":18},"end":{"line":203,"column":25}}],"line":203},"31":{"loc":{"start":{"line":211,"column":13},"end":{"line":211,"column":null}},"type":"binary-expr","locations":[{"start":{"line":211,"column":13},"end":{"line":211,"column":30}},{"start":{"line":211,"column":30},"end":{"line":211,"column":null}}],"line":211},"32":{"loc":{"start":{"line":212,"column":13},"end":{"line":212,"column":null}},"type":"binary-expr","locations":[{"start":{"line":212,"column":13},"end":{"line":212,"column":35}},{"start":{"line":212,"column":35},"end":{"line":212,"column":null}}],"line":212},"33":{"loc":{"start":{"line":218,"column":39},"end":{"line":218,"column":101}},"type":"default-arg","locations":[{"start":{"line":218,"column":69},"end":{"line":218,"column":101}}],"line":218},"34":{"loc":{"start":{"line":219,"column":12},"end":{"line":219,"column":23}},"type":"default-arg","locations":[{"start":{"line":219,"column":20},"end":{"line":219,"column":23}}],"line":219},"35":{"loc":{"start":{"line":231,"column":4},"end":{"line":234,"column":null}},"type":"if","locations":[{"start":{"line":231,"column":4},"end":{"line":234,"column":null}},{"start":{},"end":{}}],"line":231},"36":{"loc":{"start":{"line":231,"column":8},"end":{"line":231,"column":25}},"type":"binary-expr","locations":[{"start":{"line":231,"column":8},"end":{"line":231,"column":18}},{"start":{"line":231,"column":18},"end":{"line":231,"column":25}}],"line":231},"37":{"loc":{"start":{"line":236,"column":11},"end":{"line":236,"column":null}},"type":"binary-expr","locations":[{"start":{"line":236,"column":11},"end":{"line":236,"column":28}},{"start":{"line":236,"column":28},"end":{"line":236,"column":null}}],"line":236},"38":{"loc":{"start":{"line":239,"column":49},"end":{"line":239,"column":111}},"type":"default-arg","locations":[{"start":{"line":239,"column":79},"end":{"line":239,"column":111}}],"line":239},"39":{"loc":{"start":{"line":240,"column":12},"end":{"line":240,"column":23}},"type":"default-arg","locations":[{"start":{"line":240,"column":20},"end":{"line":240,"column":23}}],"line":240},"40":{"loc":{"start":{"line":252,"column":4},"end":{"line":255,"column":null}},"type":"if","locations":[{"start":{"line":252,"column":4},"end":{"line":255,"column":null}},{"start":{},"end":{}}],"line":252},"41":{"loc":{"start":{"line":252,"column":8},"end":{"line":252,"column":25}},"type":"binary-expr","locations":[{"start":{"line":252,"column":8},"end":{"line":252,"column":18}},{"start":{"line":252,"column":18},"end":{"line":252,"column":25}}],"line":252},"42":{"loc":{"start":{"line":257,"column":11},"end":{"line":257,"column":null}},"type":"binary-expr","locations":[{"start":{"line":257,"column":11},"end":{"line":257,"column":28}},{"start":{"line":257,"column":28},"end":{"line":257,"column":null}}],"line":257},"43":{"loc":{"start":{"line":260,"column":49},"end":{"line":260,"column":111}},"type":"default-arg","locations":[{"start":{"line":260,"column":79},"end":{"line":260,"column":111}}],"line":260},"44":{"loc":{"start":{"line":261,"column":12},"end":{"line":261,"column":23}},"type":"default-arg","locations":[{"start":{"line":261,"column":20},"end":{"line":261,"column":23}}],"line":261},"45":{"loc":{"start":{"line":273,"column":4},"end":{"line":276,"column":null}},"type":"if","locations":[{"start":{"line":273,"column":4},"end":{"line":276,"column":null}},{"start":{},"end":{}}],"line":273},"46":{"loc":{"start":{"line":273,"column":8},"end":{"line":273,"column":25}},"type":"binary-expr","locations":[{"start":{"line":273,"column":8},"end":{"line":273,"column":18}},{"start":{"line":273,"column":18},"end":{"line":273,"column":25}}],"line":273},"47":{"loc":{"start":{"line":278,"column":11},"end":{"line":278,"column":null}},"type":"binary-expr","locations":[{"start":{"line":278,"column":11},"end":{"line":278,"column":28}},{"start":{"line":278,"column":28},"end":{"line":278,"column":null}}],"line":278},"48":{"loc":{"start":{"line":292,"column":4},"end":{"line":295,"column":null}},"type":"if","locations":[{"start":{"line":292,"column":4},"end":{"line":295,"column":null}},{"start":{},"end":{}}],"line":292},"49":{"loc":{"start":{"line":292,"column":8},"end":{"line":292,"column":25}},"type":"binary-expr","locations":[{"start":{"line":292,"column":8},"end":{"line":292,"column":18}},{"start":{"line":292,"column":18},"end":{"line":292,"column":25}}],"line":292},"50":{"loc":{"start":{"line":297,"column":11},"end":{"line":297,"column":null}},"type":"binary-expr","locations":[{"start":{"line":297,"column":11},"end":{"line":297,"column":27}},{"start":{"line":297,"column":27},"end":{"line":297,"column":null}}],"line":297},"51":{"loc":{"start":{"line":322,"column":4},"end":{"line":324,"column":null}},"type":"if","locations":[{"start":{"line":322,"column":4},"end":{"line":324,"column":null}},{"start":{},"end":{}}],"line":322},"52":{"loc":{"start":{"line":336,"column":4},"end":{"line":339,"column":null}},"type":"if","locations":[{"start":{"line":336,"column":4},"end":{"line":339,"column":null}},{"start":{},"end":{}}],"line":336},"53":{"loc":{"start":{"line":336,"column":8},"end":{"line":336,"column":25}},"type":"binary-expr","locations":[{"start":{"line":336,"column":8},"end":{"line":336,"column":18}},{"start":{"line":336,"column":18},"end":{"line":336,"column":25}}],"line":336},"54":{"loc":{"start":{"line":342,"column":4},"end":{"line":345,"column":null}},"type":"if","locations":[{"start":{"line":342,"column":4},"end":{"line":345,"column":null}},{"start":{},"end":{}}],"line":342},"55":{"loc":{"start":{"line":343,"column":31},"end":{"line":343,"column":null}},"type":"binary-expr","locations":[{"start":{"line":343,"column":31},"end":{"line":343,"column":49}},{"start":{"line":343,"column":49},"end":{"line":343,"column":null}}],"line":343},"56":{"loc":{"start":{"line":344,"column":45},"end":{"line":344,"column":null}},"type":"binary-expr","locations":[{"start":{"line":344,"column":45},"end":{"line":344,"column":77}},{"start":{"line":344,"column":77},"end":{"line":344,"column":null}}],"line":344},"57":{"loc":{"start":{"line":348,"column":15},"end":{"line":348,"column":null}},"type":"binary-expr","locations":[{"start":{"line":348,"column":15},"end":{"line":348,"column":31}},{"start":{"line":348,"column":31},"end":{"line":348,"column":null}}],"line":348},"58":{"loc":{"start":{"line":349,"column":17},"end":{"line":349,"column":null}},"type":"binary-expr","locations":[{"start":{"line":349,"column":17},"end":{"line":349,"column":35}},{"start":{"line":349,"column":35},"end":{"line":349,"column":null}}],"line":349}},"s":{"0":1,"1":1,"2":6,"3":6,"4":6,"5":124,"6":0,"7":0,"8":0,"9":0,"10":0,"11":0,"12":0,"13":0,"14":0,"15":0,"16":0,"17":0,"18":0,"19":0,"20":0,"21":0,"22":0,"23":0,"24":0,"25":0,"26":1,"27":1,"28":1,"29":0,"30":1,"31":0,"32":1,"33":0,"34":1,"35":0,"36":1,"37":0,"38":1,"39":1,"40":1,"41":1,"42":1,"43":1,"44":0,"45":0,"46":1,"47":1,"48":1,"49":1,"50":1,"51":1,"52":0,"53":0,"54":1,"55":1,"56":1,"57":1,"58":1,"59":0,"60":0,"61":1,"62":1,"63":1,"64":1,"65":1,"66":0,"67":0,"68":1,"69":1,"70":1,"71":1,"72":0,"73":0,"74":1,"75":1,"76":1,"77":1,"78":0,"79":1,"80":1,"81":0,"82":0,"83":1,"84":1,"85":1,"86":1,"87":14},"f":{"0":6,"1":124,"2":14,"3":0,"4":1,"5":1,"6":1,"7":1,"8":1,"9":1},"b":{"0":[6],"1":[6],"2":[6,6],"3":[0],"4":[0],"5":[0],"6":[0],"7":[0],"8":[0,0],"9":[0,0],"10":[0,0],"11":[0,0],"12":[0,0],"13":[0,0],"14":[0,0],"15":[0,0],"16":[0,0],"17":[1],"18":[1],"19":[1],"20":[1],"21":[1],"22":[0,1],"23":[0,1],"24":[0,1],"25":[0,1],"26":[0,1],"27":[0,1],"28":[0,1],"29":[0,1],"30":[1,1],"31":[1,0],"32":[1,0],"33":[1],"34":[1],"35":[0,1],"36":[1,1],"37":[1,0],"38":[1],"39":[1],"40":[0,1],"41":[1,1],"42":[1,0],"43":[1],"44":[1],"45":[0,1],"46":[1,1],"47":[1,0],"48":[0,1],"49":[1,1],"50":[1,0],"51":[0,1],"52":[0,1],"53":[1,1],"54":[1,0],"55":[1,0],"56":[1,0],"57":[1,0],"58":[1,0]},"meta":{"lastBranch":59,"lastFunction":10,"lastStatement":88,"seen":{"s:17:61:34:Infinity":0,"s:39:53:101:Infinity":1,"f:106:9:106:26":0,"b:106:89:106:101":0,"s:107:42:107:Infinity":2,"b:107:19:107:31":1,"s:108:25:108:Infinity":3,"b:108:25:108:35:108:35:108:Infinity":2,"s:110:2:113:Infinity":4,"f:111:9:111:18":1,"s:111:18:111:39":5,"f:142:16:142:40":2,"f:144:17:144:24":3,"b:144:54:144:86":3,"s:145:90:145:Infinity":6,"b:145:20:145:24":4,"b:145:33:145:36":5,"b:145:45:145:58":6,"b:145:67:145:71":7,"s:148:34:148:Infinity":7,"b:149:4:149:Infinity:undefined:undefined:undefined:undefined":8,"s:149:4:149:Infinity":8,"s:149:20:149:Infinity":9,"b:150:4:150:Infinity:undefined:undefined:undefined:undefined":9,"s:150:4:150:Infinity":10,"s:150:25:150:Infinity":11,"b:151:4:151:Infinity:undefined:undefined:undefined:undefined":10,"s:151:4:151:Infinity":12,"s:151:25:151:Infinity":13,"b:152:4:152:Infinity:undefined:undefined:undefined:undefined":11,"s:152:4:152:Infinity":14,"s:152:23:152:Infinity":15,"b:153:4:153:Infinity:undefined:undefined:undefined:undefined":12,"s:153:4:153:Infinity":16,"s:153:40:153:Infinity":17,"s:155:22:155:Infinity":18,"b:155:47:155:91:155:91:155:Infinity":13,"s:156:24:156:Infinity":19,"s:158:18:160:Infinity":20,"s:164:29:166:Infinity":21,"b:168:4:171:Infinity:undefined:undefined:undefined:undefined":14,"s:168:4:171:Infinity":22,"b:168:8:168:18:168:18:168:25":15,"s:169:6:169:Infinity":23,"s:170:6:170:Infinity":24,"s:173:4:173:Infinity":25,"b:173:11:173:28:173:28:173:Infinity":16,"f:176:17:176:33":4,"b:176:63:176:112":17,"s:177:90:177:Infinity":26,"b:177:20:177:24":18,"b:177:33:177:36":19,"b:177:45:177:58":20,"b:177:67:177:71":21,"s:180:34:180:Infinity":27,"b:181:4:181:Infinity:undefined:undefined:undefined:undefined":22,"s:181:4:181:Infinity":28,"s:181:20:181:Infinity":29,"b:182:4:182:Infinity:undefined:undefined:undefined:undefined":23,"s:182:4:182:Infinity":30,"s:182:25:182:Infinity":31,"b:183:4:183:Infinity:undefined:undefined:undefined:undefined":24,"s:183:4:183:Infinity":32,"s:183:25:183:Infinity":33,"b:184:4:184:Infinity:undefined:undefined:undefined:undefined":25,"s:184:4:184:Infinity":34,"s:184:23:184:Infinity":35,"b:185:4:185:Infinity:undefined:undefined:undefined:undefined":26,"s:185:4:185:Infinity":36,"s:185:40:185:Infinity":37,"s:187:22:187:Infinity":38,"b:187:47:187:91:187:91:187:Infinity":27,"s:188:27:188:Infinity":39,"b:188:52:188:96:188:96:188:Infinity":28,"s:189:24:189:Infinity":40,"s:192:18:196:Infinity":41,"s:199:29:201:Infinity":42,"b:203:4:206:Infinity:undefined:undefined:undefined:undefined":29,"s:203:4:206:Infinity":43,"b:203:8:203:18:203:18:203:25":30,"s:204:6:204:Infinity":44,"s:205:6:205:Infinity":45,"s:208:17:208:Infinity":46,"s:210:4:215:Infinity":47,"b:211:13:211:30:211:30:211:Infinity":31,"b:212:13:212:35:212:35:212:Infinity":32,"f:218:17:218:26":5,"b:218:69:218:101":33,"s:219:27:219:Infinity":48,"b:219:20:219:23":34,"s:221:18:223:Infinity":49,"s:227:29:229:Infinity":50,"b:231:4:234:Infinity:undefined:undefined:undefined:undefined":35,"s:231:4:234:Infinity":51,"b:231:8:231:18:231:18:231:25":36,"s:232:6:232:Infinity":52,"s:233:6:233:Infinity":53,"s:236:4:236:Infinity":54,"b:236:11:236:28:236:28:236:Infinity":37,"f:239:17:239:31":6,"b:239:79:239:111":38,"s:240:27:240:Infinity":55,"b:240:20:240:23":39,"s:242:18:244:Infinity":56,"s:248:29:250:Infinity":57,"b:252:4:255:Infinity:undefined:undefined:undefined:undefined":40,"s:252:4:255:Infinity":58,"b:252:8:252:18:252:18:252:25":41,"s:253:6:253:Infinity":59,"s:254:6:254:Infinity":60,"s:257:4:257:Infinity":61,"b:257:11:257:28:257:28:257:Infinity":42,"f:260:17:260:31":7,"b:260:79:260:111":43,"s:261:27:261:Infinity":62,"b:261:20:261:23":44,"s:263:18:265:Infinity":63,"s:269:29:271:Infinity":64,"b:273:4:276:Infinity:undefined:undefined:undefined:undefined":45,"s:273:4:276:Infinity":65,"b:273:8:273:18:273:18:273:25":46,"s:274:6:274:Infinity":66,"s:275:6:275:Infinity":67,"s:278:4:278:Infinity":68,"b:278:11:278:28:278:28:278:Infinity":47,"f:281:17:281:27":8,"s:282:18:284:Infinity":69,"s:288:29:290:Infinity":70,"b:292:4:295:Infinity:undefined:undefined:undefined:undefined":48,"s:292:4:295:Infinity":71,"b:292:8:292:18:292:18:292:25":49,"s:293:6:293:Infinity":72,"s:294:6:294:Infinity":73,"s:297:4:297:Infinity":74,"b:297:11:297:27:297:27:297:Infinity":50,"f:300:17:300:34":9,"s:301:18:303:Infinity":75,"s:321:26:321:Infinity":76,"b:322:4:324:Infinity:undefined:undefined:undefined:undefined":51,"s:322:4:324:Infinity":77,"s:323:6:323:Infinity":78,"s:326:29:334:Infinity":79,"b:336:4:339:Infinity:undefined:undefined:undefined:undefined":52,"s:336:4:339:Infinity":80,"b:336:8:336:18:336:18:336:25":53,"s:337:6:337:Infinity":81,"s:338:6:338:Infinity":82,"b:342:4:345:Infinity:undefined:undefined:undefined:undefined":54,"s:342:4:345:Infinity":83,"s:343:6:343:Infinity":84,"b:343:31:343:49:343:49:343:Infinity":55,"s:344:6:344:Infinity":85,"b:344:45:344:77:344:77:344:Infinity":56,"s:347:4:350:Infinity":86,"b:348:15:348:31:348:31:348:Infinity":57,"b:349:17:349:35:349:35:349:Infinity":58,"s:353:2:361:Infinity":87}}}
,"/home/jop/work/chanomhub/chanomhub-sdk/repositories/favoritesRepository.ts": {"path":"/home/jop/work/chanomhub/chanomhub-sdk/repositories/favoritesRepository.ts","statementMap":{"0":{"start":{"line":27,"column":32},"end":{"line":30,"column":null}},"1":{"start":{"line":32,"column":8},"end":{"line":35,"column":null}},"2":{"start":{"line":33,"column":12},"end":{"line":33,"column":null}},"3":{"start":{"line":34,"column":12},"end":{"line":34,"column":null}},"4":{"start":{"line":37,"column":8},"end":{"line":37,"column":null}},"5":{"start":{"line":41,"column":32},"end":{"line":44,"column":null}},"6":{"start":{"line":46,"column":8},"end":{"line":49,"column":null}},"7":{"start":{"line":47,"column":12},"end":{"line":47,"column":null}},"8":{"start":{"line":48,"column":12},"end":{"line":48,"column":null}},"9":{"start":{"line":51,"column":8},"end":{"line":51,"column":null}},"10":{"start":{"line":54,"column":4},"end":{"line":57,"column":null}}},"fnMap":{"0":{"name":"createFavoritesRepository","decl":{"start":{"line":24,"column":16},"end":{"line":24,"column":42}},"loc":{"start":{"line":24,"column":85},"end":{"line":58,"column":null}},"line":24},"1":{"name":"add","decl":{"start":{"line":26,"column":19},"end":{"line":26,"column":23}},"loc":{"start":{"line":26,"column":71},"end":{"line":38,"column":null}},"line":26},"2":{"name":"remove","decl":{"start":{"line":40,"column":19},"end":{"line":40,"column":26}},"loc":{"start":{"line":40,"column":74},"end":{"line":52,"column":null}},"line":40}},"branchMap":{"0":{"loc":{"start":{"line":32,"column":8},"end":{"line":35,"column":null}},"type":"if","locations":[{"start":{"line":32,"column":8},"end":{"line":35,"column":null}},{"start":{},"end":{}}],"line":32},"1":{"loc":{"start":{"line":46,"column":8},"end":{"line":49,"column":null}},"type":"if","locations":[{"start":{"line":46,"column":8},"end":{"line":49,"column":null}},{"start":{},"end":{}}],"line":46}},"s":{"0":1,"1":1,"2":0,"3":0,"4":1,"5":1,"6":1,"7":0,"8":0,"9":1,"10":14},"f":{"0":14,"1":1,"2":1},"b":{"0":[0,1],"1":[0,1]},"meta":{"lastBranch":2,"lastFunction":3,"lastStatement":11,"seen":{"f:24:16:24:42":0,"f:26:19:26:23":1,"s:27:32:30:Infinity":0,"b:32:8:35:Infinity:undefined:undefined:undefined:undefined":0,"s:32:8:35:Infinity":1,"s:33:12:33:Infinity":2,"s:34:12:34:Infinity":3,"s:37:8:37:Infinity":4,"f:40:19:40:26":2,"s:41:32:44:Infinity":5,"b:46:8:49:Infinity:undefined:undefined:undefined:undefined":1,"s:46:8:49:Infinity":6,"s:47:12:47:Infinity":7,"s:48:12:48:Infinity":8,"s:51:8:51:Infinity":9,"s:54:4:57:Infinity":10}}}
,"/home/jop/work/chanomhub/chanomhub-sdk/repositories/index.ts": {"path":"/home/jop/work/chanomhub/chanomhub-sdk/repositories/index.ts","statementMap":{},"fnMap":{},"branchMap":{},"s":{},"f":{},"b":{},"meta":{"lastBranch":0,"lastFunction":0,"lastStatement":0,"seen":{}}}
,"/home/jop/work/chanomhub/chanomhub-sdk/repositories/searchRepository.ts": {"path":"/home/jop/work/chanomhub/chanomhub-sdk/repositories/searchRepository.ts","statementMap":{"0":{"start":{"line":31,"column":22},"end":{"line":31,"column":null}},"1":{"start":{"line":63,"column":68},"end":{"line":63,"column":null}},"2":{"start":{"line":66,"column":38},"end":{"line":66,"column":null}},"3":{"start":{"line":67,"column":8},"end":{"line":67,"column":null}},"4":{"start":{"line":68,"column":8},"end":{"line":68,"column":null}},"5":{"start":{"line":68,"column":17},"end":{"line":68,"column":null}},"6":{"start":{"line":69,"column":8},"end":{"line":69,"column":null}},"7":{"start":{"line":69,"column":22},"end":{"line":69,"column":null}},"8":{"start":{"line":70,"column":8},"end":{"line":70,"column":null}},"9":{"start":{"line":70,"column":22},"end":{"line":70,"column":null}},"10":{"start":{"line":72,"column":26},"end":{"line":72,"column":null}},"11":{"start":{"line":74,"column":29},"end":{"line":78,"column":null}},"12":{"start":{"line":81,"column":33},"end":{"line":85,"column":null}},"13":{"start":{"line":87,"column":8},"end":{"line":90,"column":null}},"14":{"start":{"line":88,"column":12},"end":{"line":88,"column":null}},"15":{"start":{"line":89,"column":12},"end":{"line":89,"column":null}},"16":{"start":{"line":92,"column":21},"end":{"line":92,"column":null}},"17":{"start":{"line":94,"column":8},"end":{"line":99,"column":null}},"18":{"start":{"line":102,"column":4},"end":{"line":104,"column":null}}},"fnMap":{"0":{"name":"createSearchRepository","decl":{"start":{"line":60,"column":16},"end":{"line":60,"column":39}},"loc":{"start":{"line":60,"column":82},"end":{"line":105,"column":null}},"line":60},"1":{"name":"articles","decl":{"start":{"line":62,"column":19},"end":{"line":62,"column":28}},"loc":{"start":{"line":62,"column":117},"end":{"line":100,"column":null}},"line":62}},"branchMap":{"0":{"loc":{"start":{"line":62,"column":43},"end":{"line":62,"column":117}},"type":"default-arg","locations":[{"start":{"line":62,"column":68},"end":{"line":62,"column":117}}],"line":62},"1":{"loc":{"start":{"line":63,"column":16},"end":{"line":63,"column":28}},"type":"default-arg","locations":[{"start":{"line":63,"column":24},"end":{"line":63,"column":28}}],"line":63},"2":{"loc":{"start":{"line":63,"column":28},"end":{"line":63,"column":40}},"type":"default-arg","locations":[{"start":{"line":63,"column":37},"end":{"line":63,"column":40}}],"line":63},"3":{"loc":{"start":{"line":68,"column":8},"end":{"line":68,"column":null}},"type":"if","locations":[{"start":{"line":68,"column":8},"end":{"line":68,"column":null}},{"start":{},"end":{}}],"line":68},"4":{"loc":{"start":{"line":69,"column":8},"end":{"line":69,"column":null}},"type":"if","locations":[{"start":{"line":69,"column":8},"end":{"line":69,"column":null}},{"start":{},"end":{}}],"line":69},"5":{"loc":{"start":{"line":70,"column":8},"end":{"line":70,"column":null}},"type":"if","locations":[{"start":{"line":70,"column":8},"end":{"line":70,"column":null}},{"start":{},"end":{}}],"line":70},"6":{"loc":{"start":{"line":87,"column":8},"end":{"line":90,"column":null}},"type":"if","locations":[{"start":{"line":87,"column":8},"end":{"line":90,"column":null}},{"start":{},"end":{}}],"line":87},"7":{"loc":{"start":{"line":87,"column":12},"end":{"line":87,"column":29}},"type":"binary-expr","locations":[{"start":{"line":87,"column":12},"end":{"line":87,"column":22}},{"start":{"line":87,"column":22},"end":{"line":87,"column":29}}],"line":87},"8":{"loc":{"start":{"line":95,"column":19},"end":{"line":95,"column":null}},"type":"binary-expr","locations":[{"start":{"line":95,"column":19},"end":{"line":95,"column":36}},{"start":{"line":95,"column":36},"end":{"line":95,"column":null}}],"line":95},"9":{"loc":{"start":{"line":96,"column":19},"end":{"line":96,"column":null}},"type":"binary-expr","locations":[{"start":{"line":96,"column":19},"end":{"line":96,"column":41}},{"start":{"line":96,"column":41},"end":{"line":96,"column":null}}],"line":96}},"s":{"0":1,"1":2,"2":2,"3":2,"4":2,"5":1,"6":2,"7":0,"8":2,"9":0,"10":2,"11":2,"12":2,"13":2,"14":0,"15":0,"16":2,"17":2,"18":14},"f":{"0":14,"1":2},"b":{"0":[2],"1":[2],"2":[2],"3":[1,1],"4":[0,2],"5":[0,2],"6":[0,2],"7":[2,2],"8":[2,0],"9":[2,0]},"meta":{"lastBranch":10,"lastFunction":2,"lastStatement":19,"seen":{"s:31:22:31:Infinity":0,"f:60:16:60:39":0,"f:62:19:62:28":1,"b:62:68:62:117":0,"s:63:68:63:Infinity":1,"b:63:24:63:28":1,"b:63:37:63:40":2,"s:66:38:66:Infinity":2,"s:67:8:67:Infinity":3,"b:68:8:68:Infinity:undefined:undefined:undefined:undefined":3,"s:68:8:68:Infinity":4,"s:68:17:68:Infinity":5,"b:69:8:69:Infinity:undefined:undefined:undefined:undefined":4,"s:69:8:69:Infinity":6,"s:69:22:69:Infinity":7,"b:70:8:70:Infinity:undefined:undefined:undefined:undefined":5,"s:70:8:70:Infinity":8,"s:70:22:70:Infinity":9,"s:72:26:72:Infinity":10,"s:74:29:78:Infinity":11,"s:81:33:85:Infinity":12,"b:87:8:90:Infinity:undefined:undefined:undefined:undefined":6,"s:87:8:90:Infinity":13,"b:87:12:87:22:87:22:87:29":7,"s:88:12:88:Infinity":14,"s:89:12:89:Infinity":15,"s:92:21:92:Infinity":16,"s:94:8:99:Infinity":17,"b:95:19:95:36:95:36:95:Infinity":8,"b:96:19:96:41:96:41:96:Infinity":9,"s:102:4:104:Infinity":18}}}
,"/home/jop/work/chanomhub/chanomhub-sdk/repositories/usersRepository.ts": {"path":"/home/jop/work/chanomhub/chanomhub-sdk/repositories/usersRepository.ts","statementMap":{"0":{"start":{"line":28,"column":32},"end":{"line":28,"column":null}},"1":{"start":{"line":30,"column":8},"end":{"line":33,"column":null}},"2":{"start":{"line":31,"column":12},"end":{"line":31,"column":null}},"3":{"start":{"line":32,"column":12},"end":{"line":32,"column":null}},"4":{"start":{"line":35,"column":8},"end":{"line":35,"column":null}},"5":{"start":{"line":39,"column":32},"end":{"line":41,"column":null}},"6":{"start":{"line":43,"column":8},"end":{"line":46,"column":null}},"7":{"start":{"line":44,"column":12},"end":{"line":44,"column":null}},"8":{"start":{"line":45,"column":12},"end":{"line":45,"column":null}},"9":{"start":{"line":48,"column":8},"end":{"line":48,"column":null}},"10":{"start":{"line":52,"column":32},"end":{"line":55,"column":null}},"11":{"start":{"line":57,"column":8},"end":{"line":60,"column":null}},"12":{"start":{"line":58,"column":12},"end":{"line":58,"column":null}},"13":{"start":{"line":59,"column":12},"end":{"line":59,"column":null}},"14":{"start":{"line":62,"column":8},"end":{"line":62,"column":null}},"15":{"start":{"line":66,"column":32},"end":{"line":69,"column":null}},"16":{"start":{"line":71,"column":8},"end":{"line":74,"column":null}},"17":{"start":{"line":72,"column":12},"end":{"line":72,"column":null}},"18":{"start":{"line":73,"column":12},"end":{"line":73,"column":null}},"19":{"start":{"line":76,"column":8},"end":{"line":76,"column":null}},"20":{"start":{"line":79,"column":4},"end":{"line":84,"column":null}}},"fnMap":{"0":{"name":"createUsersRepository","decl":{"start":{"line":25,"column":16},"end":{"line":25,"column":38}},"loc":{"start":{"line":25,"column":77},"end":{"line":85,"column":null}},"line":25},"1":{"name":"getCurrentUser","decl":{"start":{"line":27,"column":19},"end":{"line":27,"column":58}},"loc":{"start":{"line":27,"column":58},"end":{"line":36,"column":null}},"line":27},"2":{"name":"getProfile","decl":{"start":{"line":38,"column":19},"end":{"line":38,"column":30}},"loc":{"start":{"line":38,"column":73},"end":{"line":49,"column":null}},"line":38},"3":{"name":"follow","decl":{"start":{"line":51,"column":19},"end":{"line":51,"column":26}},"loc":{"start":{"line":51,"column":69},"end":{"line":63,"column":null}},"line":51},"4":{"name":"unfollow","decl":{"start":{"line":65,"column":19},"end":{"line":65,"column":28}},"loc":{"start":{"line":65,"column":71},"end":{"line":77,"column":null}},"line":65}},"branchMap":{"0":{"loc":{"start":{"line":30,"column":8},"end":{"line":33,"column":null}},"type":"if","locations":[{"start":{"line":30,"column":8},"end":{"line":33,"column":null}},{"start":{},"end":{}}],"line":30},"1":{"loc":{"start":{"line":35,"column":15},"end":{"line":35,"column":null}},"type":"binary-expr","locations":[{"start":{"line":35,"column":15},"end":{"line":35,"column":29}},{"start":{"line":35,"column":29},"end":{"line":35,"column":null}}],"line":35},"2":{"loc":{"start":{"line":43,"column":8},"end":{"line":46,"column":null}},"type":"if","locations":[{"start":{"line":43,"column":8},"end":{"line":46,"column":null}},{"start":{},"end":{}}],"line":43},"3":{"loc":{"start":{"line":48,"column":15},"end":{"line":48,"column":null}},"type":"binary-expr","locations":[{"start":{"line":48,"column":15},"end":{"line":48,"column":32}},{"start":{"line":48,"column":32},"end":{"line":48,"column":null}}],"line":48},"4":{"loc":{"start":{"line":57,"column":8},"end":{"line":60,"column":null}},"type":"if","locations":[{"start":{"line":57,"column":8},"end":{"line":60,"column":null}},{"start":{},"end":{}}],"line":57},"5":{"loc":{"start":{"line":62,"column":15},"end":{"line":62,"column":null}},"type":"binary-expr","locations":[{"start":{"line":62,"column":15},"end":{"line":62,"column":32}},{"start":{"line":62,"column":32},"end":{"line":62,"column":null}}],"line":62},"6":{"loc":{"start":{"line":71,"column":8},"end":{"line":74,"column":null}},"type":"if","locations":[{"start":{"line":71,"column":8},"end":{"line":74,"column":null}},{"start":{},"end":{}}],"line":71},"7":{"loc":{"start":{"line":76,"column":15},"end":{"line":76,"column":null}},"type":"binary-expr","locations":[{"start":{"line":76,"column":15},"end":{"line":76,"column":32}},{"start":{"line":76,"column":32},"end":{"line":76,"column":null}}],"line":76}},"s":{"0":2,"1":2,"2":1,"3":1,"4":1,"5":1,"6":1,"7":0,"8":0,"9":1,"10":1,"11":1,"12":0,"13":0,"14":1,"15":1,"16":1,"17":0,"18":0,"19":1,"20":14},"f":{"0":14,"1":2,"2":1,"3":1,"4":1},"b":{"0":[1,1],"1":[1,0],"2":[0,1],"3":[1,0],"4":[0,1],"5":[1,0],"6":[0,1],"7":[1,0]},"meta":{"lastBranch":8,"lastFunction":5,"lastStatement":21,"seen":{"f:25:16:25:38":0,"f:27:19:27:58":1,"s:28:32:28:Infinity":0,"b:30:8:33:Infinity:undefined:undefined:undefined:undefined":0,"s:30:8:33:Infinity":1,"s:31:12:31:Infinity":2,"s:32:12:32:Infinity":3,"s:35:8:35:Infinity":4,"b:35:15:35:29:35:29:35:Infinity":1,"f:38:19:38:30":2,"s:39:32:41:Infinity":5,"b:43:8:46:Infinity:undefined:undefined:undefined:undefined":2,"s:43:8:46:Infinity":6,"s:44:12:44:Infinity":7,"s:45:12:45:Infinity":8,"s:48:8:48:Infinity":9,"b:48:15:48:32:48:32:48:Infinity":3,"f:51:19:51:26":3,"s:52:32:55:Infinity":10,"b:57:8:60:Infinity:undefined:undefined:undefined:undefined":4,"s:57:8:60:Infinity":11,"s:58:12:58:Infinity":12,"s:59:12:59:Infinity":13,"s:62:8:62:Infinity":14,"b:62:15:62:32:62:32:62:Infinity":5,"f:65:19:65:28":4,"s:66:32:69:Infinity":15,"b:71:8:74:Infinity:undefined:undefined:undefined:undefined":6,"s:71:8:74:Infinity":16,"s:72:12:72:Infinity":17,"s:73:12:73:Infinity":18,"s:76:8:76:Infinity":19,"b:76:15:76:32:76:32:76:Infinity":7,"s:79:4:84:Infinity":20}}}
,"/home/jop/work/chanomhub/chanomhub-sdk/transforms/imageUrl.ts": {"path":"/home/jop/work/chanomhub/chanomhub-sdk/transforms/imageUrl.ts","statementMap":{"0":{"start":{"line":14,"column":4},"end":{"line":14,"column":null}},"1":{"start":{"line":14,"column":19},"end":{"line":14,"column":null}},"2":{"start":{"line":17,"column":4},"end":{"line":19,"column":null}},"3":{"start":{"line":18,"column":8},"end":{"line":18,"column":null}},"4":{"start":{"line":22,"column":4},"end":{"line":22,"column":null}},"5":{"start":{"line":26,"column":21},"end":{"line":31,"column":null}},"6":{"start":{"line":37,"column":4},"end":{"line":37,"column":null}},"7":{"start":{"line":37,"column":45},"end":{"line":37,"column":null}},"8":{"start":{"line":39,"column":4},"end":{"line":41,"column":null}},"9":{"start":{"line":40,"column":8},"end":{"line":40,"column":null}},"10":{"start":{"line":40,"column":32},"end":{"line":40,"column":68}},"11":{"start":{"line":43,"column":4},"end":{"line":70,"column":null}},"12":{"start":{"line":44,"column":48},"end":{"line":44,"column":null}},"13":{"start":{"line":46,"column":8},"end":{"line":67,"column":null}},"14":{"start":{"line":48,"column":12},"end":{"line":66,"column":null}},"15":{"start":{"line":49,"column":16},"end":{"line":49,"column":null}},"16":{"start":{"line":50,"column":12},"end":{"line":66,"column":null}},"17":{"start":{"line":53,"column":16},"end":{"line":58,"column":null}},"18":{"start":{"line":54,"column":20},"end":{"line":56,"column":null}},"19":{"start":{"line":55,"column":24},"end":{"line":55,"column":null}},"20":{"start":{"line":57,"column":20},"end":{"line":57,"column":null}},"21":{"start":{"line":59,"column":12},"end":{"line":66,"column":null}},"22":{"start":{"line":62,"column":16},"end":{"line":62,"column":null}},"23":{"start":{"line":65,"column":16},"end":{"line":65,"column":null}},"24":{"start":{"line":69,"column":8},"end":{"line":69,"column":null}},"25":{"start":{"line":72,"column":4},"end":{"line":72,"column":null}}},"fnMap":{"0":{"name":"resolveImageUrl","decl":{"start":{"line":13,"column":16},"end":{"line":13,"column":32}},"loc":{"start":{"line":13,"column":100},"end":{"line":23,"column":null}},"line":13},"1":{"name":"transformImageUrlsDeep","decl":{"start":{"line":36,"column":16},"end":{"line":36,"column":42}},"loc":{"start":{"line":36,"column":70},"end":{"line":73,"column":null}},"line":36},"2":{"name":"(anonymous_2)","decl":{"start":{"line":40,"column":24},"end":{"line":40,"column":32}},"loc":{"start":{"line":40,"column":32},"end":{"line":40,"column":68}},"line":40},"3":{"name":"(anonymous_3)","decl":{"start":{"line":53,"column":40},"end":{"line":53,"column":47}},"loc":{"start":{"line":53,"column":47},"end":{"line":58,"column":17}},"line":53}},"branchMap":{"0":{"loc":{"start":{"line":14,"column":4},"end":{"line":14,"column":null}},"type":"if","locations":[{"start":{"line":14,"column":4},"end":{"line":14,"column":null}},{"start":{},"end":{}}],"line":14},"1":{"loc":{"start":{"line":17,"column":4},"end":{"line":19,"column":null}},"type":"if","locations":[{"start":{"line":17,"column":4},"end":{"line":19,"column":null}},{"start":{},"end":{}}],"line":17},"2":{"loc":{"start":{"line":17,"column":8},"end":{"line":17,"column":75}},"type":"binary-expr","locations":[{"start":{"line":17,"column":8},"end":{"line":17,"column":42}},{"start":{"line":17,"column":42},"end":{"line":17,"column":75}}],"line":17},"3":{"loc":{"start":{"line":37,"column":4},"end":{"line":37,"column":null}},"type":"if","locations":[{"start":{"line":37,"column":4},"end":{"line":37,"column":null}},{"start":{},"end":{}}],"line":37},"4":{"loc":{"start":{"line":37,"column":8},"end":{"line":37,"column":45}},"type":"binary-expr","locations":[{"start":{"line":37,"column":8},"end":{"line":37,"column":25}},{"start":{"line":37,"column":25},"end":{"line":37,"column":45}}],"line":37},"5":{"loc":{"start":{"line":39,"column":4},"end":{"line":41,"column":null}},"type":"if","locations":[{"start":{"line":39,"column":4},"end":{"line":41,"column":null}},{"start":{},"end":{}}],"line":39},"6":{"loc":{"start":{"line":43,"column":4},"end":{"line":70,"column":null}},"type":"if","locations":[{"start":{"line":43,"column":4},"end":{"line":70,"column":null}},{"start":{},"end":{}}],"line":43},"7":{"loc":{"start":{"line":48,"column":12},"end":{"line":66,"column":null}},"type":"if","locations":[{"start":{"line":48,"column":12},"end":{"line":66,"column":null}},{"start":{"line":50,"column":12},"end":{"line":66,"column":null}}],"line":48},"8":{"loc":{"start":{"line":48,"column":16},"end":{"line":48,"column":68}},"type":"binary-expr","locations":[{"start":{"line":48,"column":16},"end":{"line":48,"column":41}},{"start":{"line":48,"column":41},"end":{"line":48,"column":68}}],"line":48},"9":{"loc":{"start":{"line":50,"column":12},"end":{"line":66,"column":null}},"type":"if","locations":[{"start":{"line":50,"column":12},"end":{"line":66,"column":null}},{"start":{"line":59,"column":12},"end":{"line":66,"column":null}}],"line":50},"10":{"loc":{"start":{"line":52,"column":21},"end":{"line":52,"column":63}},"type":"binary-expr","locations":[{"start":{"line":52,"column":21},"end":{"line":52,"column":41}},{"start":{"line":52,"column":41},"end":{"line":52,"column":63}}],"line":52},"11":{"loc":{"start":{"line":54,"column":20},"end":{"line":56,"column":null}},"type":"if","locations":[{"start":{"line":54,"column":20},"end":{"line":56,"column":null}},{"start":{},"end":{}}],"line":54},"12":{"loc":{"start":{"line":54,"column":24},"end":{"line":54,"column":72}},"type":"binary-expr","locations":[{"start":{"line":54,"column":24},"end":{"line":54,"column":31}},{"start":{"line":54,"column":31},"end":{"line":54,"column":58}},{"start":{"line":54,"column":58},"end":{"line":54,"column":72}}],"line":54},"13":{"loc":{"start":{"line":59,"column":12},"end":{"line":66,"column":null}},"type":"if","locations":[{"start":{"line":59,"column":12},"end":{"line":66,"column":null}},{"start":{"line":64,"column":17},"end":{"line":66,"column":null}}],"line":59},"14":{"loc":{"start":{"line":61,"column":21},"end":{"line":61,"column":66}},"type":"binary-expr","locations":[{"start":{"line":61,"column":21},"end":{"line":61,"column":39}},{"start":{"line":61,"column":39},"end":{"line":61,"column":66}}],"line":61}},"s":{"0":16,"1":0,"2":16,"3":0,"4":16,"5":1,"6":85,"7":0,"8":85,"9":42,"10":8,"11":43,"12":43,"13":43,"14":195,"15":14,"16":181,"17":7,"18":2,"19":2,"20":0,"21":174,"22":63,"23":111,"24":43,"25":0},"f":{"0":16,"1":85,"2":8,"3":2},"b":{"0":[0,16],"1":[0,16],"2":[16,16],"3":[0,85],"4":[85,85],"5":[42,43],"6":[43,0],"7":[14,181],"8":[195,28],"9":[7,174],"10":[181,7],"11":[2,0],"12":[2,2,2],"13":[63,111],"14":[174,159]},"meta":{"lastBranch":15,"lastFunction":4,"lastStatement":26,"seen":{"f:13:16:13:32":0,"b:14:4:14:Infinity:undefined:undefined:undefined:undefined":0,"s:14:4:14:Infinity":0,"s:14:19:14:Infinity":1,"b:17:4:19:Infinity:undefined:undefined:undefined:undefined":1,"s:17:4:19:Infinity":2,"b:17:8:17:42:17:42:17:75":2,"s:18:8:18:Infinity":3,"s:22:4:22:Infinity":4,"s:26:21:31:Infinity":5,"f:36:16:36:42":1,"b:37:4:37:Infinity:undefined:undefined:undefined:undefined":3,"s:37:4:37:Infinity":6,"b:37:8:37:25:37:25:37:45":4,"s:37:45:37:Infinity":7,"b:39:4:41:Infinity:undefined:undefined:undefined:undefined":5,"s:39:4:41:Infinity":8,"s:40:8:40:Infinity":9,"f:40:24:40:32":2,"s:40:32:40:68":10,"b:43:4:70:Infinity:undefined:undefined:undefined:undefined":6,"s:43:4:70:Infinity":11,"s:44:48:44:Infinity":12,"s:46:8:67:Infinity":13,"b:48:12:66:Infinity:50:12:66:Infinity":7,"s:48:12:66:Infinity":14,"b:48:16:48:41:48:41:48:68":8,"s:49:16:49:Infinity":15,"b:50:12:66:Infinity:59:12:66:Infinity":9,"s:50:12:66:Infinity":16,"b:52:21:52:41:52:41:52:63":10,"s:53:16:58:Infinity":17,"f:53:40:53:47":3,"b:54:20:56:Infinity:undefined:undefined:undefined:undefined":11,"s:54:20:56:Infinity":18,"b:54:24:54:31:54:31:54:58:54:58:54:72":12,"s:55:24:55:Infinity":19,"s:57:20:57:Infinity":20,"b:59:12:66:Infinity:64:17:66:Infinity":13,"s:59:12:66:Infinity":21,"b:61:21:61:39:61:39:61:66":14,"s:62:16:62:Infinity":22,"s:65:16:65:Infinity":23,"s:69:8:69:Infinity":24,"s:72:4:72:Infinity":25}}}
,"/home/jop/work/chanomhub/chanomhub-sdk/types/article.ts": {"path":"/home/jop/work/chanomhub/chanomhub-sdk/types/article.ts","statementMap":{},"fnMap":{},"branchMap":{},"s":{},"f":{},"b":{},"meta":{"lastBranch":0,"lastFunction":0,"lastStatement":0,"seen":{}}}
,"/home/jop/work/chanomhub/chanomhub-sdk/types/common.ts": {"path":"/home/jop/work/chanomhub/chanomhub-sdk/types/common.ts","statementMap":{},"fnMap":{},"branchMap":{},"s":{},"f":{},"b":{},"meta":{"lastBranch":0,"lastFunction":0,"lastStatement":0,"seen":{}}}
,"/home/jop/work/chanomhub/chanomhub-sdk/types/index.ts": {"path":"/home/jop/work/chanomhub/chanomhub-sdk/types/index.ts","statementMap":{},"fnMap":{},"branchMap":{},"s":{},"f":{},"b":{},"meta":{"lastBranch":0,"lastFunction":0,"lastStatement":0,"seen":{}}}
,"/home/jop/work/chanomhub/chanomhub-sdk/types/user.ts": {"path":"/home/jop/work/chanomhub/chanomhub-sdk/types/user.ts","statementMap":{},"fnMap":{},"branchMap":{},"s":{},"f":{},"b":{},"meta":{"lastBranch":0,"lastFunction":0,"lastStatement":0,"seen":{}}}
}
