TN:
SF:client.ts
FN:27,createGraphQLClient
FN:28,graphqlFetch
FN:112,createRestClient
FN:113,restFetch
FNF:4
FNH:4
FNDA:14,createGraphQLClient
FNDA:8,graphqlFetch
FNDA:14,createRestClient
FNDA:7,restFetch
DA:28,14
DA:33,8
DA:38,8
DA:39,0
DA:43,8
DA:56,8
DA:57,8
DA:59,8
DA:60,0
DA:63,8
DA:64,8
DA:66,8
DA:67,0
DA:68,0
DA:69,0
DA:75,8
DA:77,8
DA:78,0
DA:79,0
DA:83,8
DA:85,8
DA:87,0
DA:88,0
DA:113,14
DA:120,7
DA:122,7
DA:127,7
DA:128,5
DA:131,7
DA:137,7
DA:138,0
DA:141,7
DA:142,7
DA:144,7
DA:145,1
DA:146,1
DA:147,1
DA:154,6
DA:155,0
DA:158,6
DA:161,6
DA:163,6
DA:165,0
DA:166,0
LF:44
LH:31
BRDA:30,0,0,8
BRDA:31,1,0,8
BRDA:38,2,0,0
BRDA:38,2,1,8
BRDA:49,3,0,8
BRDA:49,3,1,8
BRDA:56,4,0,8
BRDA:56,4,1,8
BRDA:57,5,0,8
BRDA:57,5,1,8
BRDA:57,5,2,0
BRDA:59,6,0,0
BRDA:59,6,1,8
BRDA:59,7,0,8
BRDA:59,7,1,8
BRDA:66,8,0,0
BRDA:66,8,1,8
BRDA:77,9,0,0
BRDA:77,9,1,8
BRDA:90,10,0,0
BRDA:90,10,1,0
BRDA:115,11,0,7
BRDA:120,12,0,7
BRDA:127,13,0,5
BRDA:127,13,1,2
BRDA:137,14,0,0
BRDA:137,14,1,7
BRDA:144,15,0,1
BRDA:144,15,1,6
BRDA:154,16,0,0
BRDA:154,16,1,6
BRDA:168,17,0,0
BRDA:168,17,1,0
BRF:33
BRH:22
end_of_record
TN:
SF:config.ts
FNF:0
FNH:0
DA:16,1
LF:1
LH:1
BRF:0
BRH:0
end_of_record
TN:
SF:index.ts
FN:82,createChanomhubClient
FN:113,createAuthenticatedClient
FNF:2
FNH:2
FNDA:14,createChanomhubClient
FNDA:5,createAuthenticatedClient
DA:83,14
DA:88,14
DA:89,14
DA:90,14
DA:91,14
DA:92,14
DA:93,14
DA:95,14
DA:114,5
LF:9
LH:9
BRDA:82,0,0,14
BRDA:113,1,0,5
BRF:2
BRH:2
end_of_record
TN:
SF:errors/index.ts
FN:12,(anonymous_0)
FN:27,(anonymous_1)
FN:35,(anonymous_2)
FN:43,(anonymous_3)
FN:53,(anonymous_4)
FN:62,(anonymous_5)
FN:72,(anonymous_6)
FN:82,createErrorFromStatus
FNF:8
FNH:0
FNDA:0,(anonymous_0)
FNDA:0,(anonymous_1)
FNDA:0,(anonymous_2)
FNDA:0,(anonymous_3)
FNDA:0,(anonymous_4)
FNDA:0,(anonymous_5)
FNDA:0,(anonymous_6)
FNDA:0,createErrorFromStatus
DA:13,0
DA:14,0
DA:15,0
DA:16,0
DA:19,0
DA:20,0
DA:28,0
DA:29,0
DA:36,0
DA:37,0
DA:44,0
DA:45,0
DA:54,0
DA:55,0
DA:56,0
DA:63,0
DA:64,0
DA:73,0
DA:74,0
DA:75,0
DA:83,0
DA:85,0
DA:87,0
DA:89,0
DA:91,0
DA:93,0
DA:95,0
LF:27
LH:0
BRDA:12,0,0,0
BRDA:12,1,0,0
BRDA:19,2,0,0
BRDA:19,2,1,0
BRDA:27,3,0,0
BRDA:35,4,0,0
BRDA:43,5,0,0
BRDA:53,6,0,0
BRDA:62,7,0,0
BRDA:72,8,0,0
BRDA:83,9,0,0
BRDA:83,9,1,0
BRDA:83,9,2,0
BRDA:83,9,3,0
BRDA:83,9,4,0
BRDA:83,9,5,0
BRF:16
BRH:0
end_of_record
TN:
SF:repositories/articleRepository.ts
FN:106,buildFieldsQuery
FN:111,(anonymous_1)
FN:142,createArticleRepository
FN:144,getAll
FN:176,getAllPaginated
FN:218,getByTag
FN:239,getByPlatform
FN:260,getByCategory
FN:281,getBySlug
FN:300,getWithDownloads
FNF:10
FNH:9
FNDA:6,buildFieldsQuery
FNDA:124,(anonymous_1)
FNDA:14,createArticleRepository
FNDA:0,getAll
FNDA:1,getAllPaginated
FNDA:1,getByTag
FNDA:1,getByPlatform
FNDA:1,getByCategory
FNDA:1,getBySlug
FNDA:1,getWithDownloads
DA:17,1
DA:39,1
DA:107,6
DA:108,6
DA:110,6
DA:111,124
DA:145,0
DA:148,0
DA:149,0
DA:150,0
DA:151,0
DA:152,0
DA:153,0
DA:155,0
DA:156,0
DA:158,0
DA:164,0
DA:168,0
DA:169,0
DA:170,0
DA:173,0
DA:177,1
DA:180,1
DA:181,1
DA:182,1
DA:183,1
DA:184,1
DA:185,1
DA:187,1
DA:188,1
DA:189,1
DA:192,1
DA:199,1
DA:203,1
DA:204,0
DA:205,0
DA:208,1
DA:210,1
DA:219,1
DA:221,1
DA:227,1
DA:231,1
DA:232,0
DA:233,0
DA:236,1
DA:240,1
DA:242,1
DA:248,1
DA:252,1
DA:253,0
DA:254,0
DA:257,1
DA:261,1
DA:263,1
DA:269,1
DA:273,1
DA:274,0
DA:275,0
DA:278,1
DA:282,1
DA:288,1
DA:292,1
DA:293,0
DA:294,0
DA:297,1
DA:301,1
DA:321,1
DA:322,1
DA:323,0
DA:326,1
DA:336,1
DA:337,0
DA:338,0
DA:342,1
DA:343,1
DA:344,1
DA:347,1
DA:353,14
LF:78
LH:50
BRDA:106,0,0,6
BRDA:107,1,0,6
BRDA:108,2,0,6
BRDA:108,2,1,6
BRDA:144,3,0,0
BRDA:145,4,0,0
BRDA:145,5,0,0
BRDA:145,6,0,0
BRDA:145,7,0,0
BRDA:149,8,0,0
BRDA:149,8,1,0
BRDA:150,9,0,0
BRDA:150,9,1,0
BRDA:151,10,0,0
BRDA:151,10,1,0
BRDA:152,11,0,0
BRDA:152,11,1,0
BRDA:153,12,0,0
BRDA:153,12,1,0
BRDA:155,13,0,0
BRDA:155,13,1,0
BRDA:168,14,0,0
BRDA:168,14,1,0
BRDA:168,15,0,0
BRDA:168,15,1,0
BRDA:173,16,0,0
BRDA:173,16,1,0
BRDA:176,17,0,1
BRDA:177,18,0,1
BRDA:177,19,0,1
BRDA:177,20,0,1
BRDA:177,21,0,1
BRDA:181,22,0,0
BRDA:181,22,1,1
BRDA:182,23,0,0
BRDA:182,23,1,1
BRDA:183,24,0,0
BRDA:183,24,1,1
BRDA:184,25,0,0
BRDA:184,25,1,1
BRDA:185,26,0,0
BRDA:185,26,1,1
BRDA:187,27,0,0
BRDA:187,27,1,1
BRDA:188,28,0,0
BRDA:188,28,1,1
BRDA:203,29,0,0
BRDA:203,29,1,1
BRDA:203,30,0,1
BRDA:203,30,1,1
BRDA:211,31,0,1
BRDA:211,31,1,0
BRDA:212,32,0,1
BRDA:212,32,1,0
BRDA:218,33,0,1
BRDA:219,34,0,1
BRDA:231,35,0,0
BRDA:231,35,1,1
BRDA:231,36,0,1
BRDA:231,36,1,1
BRDA:236,37,0,1
BRDA:236,37,1,0
BRDA:239,38,0,1
BRDA:240,39,0,1
BRDA:252,40,0,0
BRDA:252,40,1,1
BRDA:252,41,0,1
BRDA:252,41,1,1
BRDA:257,42,0,1
BRDA:257,42,1,0
BRDA:260,43,0,1
BRDA:261,44,0,1
BRDA:273,45,0,0
BRDA:273,45,1,1
BRDA:273,46,0,1
BRDA:273,46,1,1
BRDA:278,47,0,1
BRDA:278,47,1,0
BRDA:292,48,0,0
BRDA:292,48,1,1
BRDA:292,49,0,1
BRDA:292,49,1,1
BRDA:297,50,0,1
BRDA:297,50,1,0
BRDA:322,51,0,0
BRDA:322,51,1,1
BRDA:336,52,0,0
BRDA:336,52,1,1
BRDA:336,53,0,1
BRDA:336,53,1,1
BRDA:342,54,0,1
BRDA:342,54,1,0
BRDA:343,55,0,1
BRDA:343,55,1,0
BRDA:344,56,0,1
BRDA:344,56,1,0
BRDA:348,57,0,1
BRDA:348,57,1,0
BRDA:349,58,0,1
BRDA:349,58,1,0
BRF:100
BRH:52
end_of_record
TN:
SF:repositories/favoritesRepository.ts
FN:24,createFavoritesRepository
FN:26,add
FN:40,remove
FNF:3
FNH:3
FNDA:14,createFavoritesRepository
FNDA:1,add
FNDA:1,remove
DA:27,1
DA:32,1
DA:33,0
DA:34,0
DA:37,1
DA:41,1
DA:46,1
DA:47,0
DA:48,0
DA:51,1
DA:54,14
LF:11
LH:7
BRDA:32,0,0,0
BRDA:32,0,1,1
BRDA:46,1,0,0
BRDA:46,1,1,1
BRF:4
BRH:2
end_of_record
TN:
SF:repositories/index.ts
FNF:0
FNH:0
LF:0
LH:0
BRF:0
BRH:0
end_of_record
TN:
SF:repositories/searchRepository.ts
FN:60,createSearchRepository
FN:62,articles
FNF:2
FNH:2
FNDA:14,createSearchRepository
FNDA:2,articles
DA:31,1
DA:63,2
DA:66,2
DA:67,2
DA:68,2
DA:69,2
DA:70,2
DA:72,2
DA:74,2
DA:81,2
DA:87,2
DA:88,0
DA:89,0
DA:92,2
DA:94,2
DA:102,14
LF:16
LH:14
BRDA:62,0,0,2
BRDA:63,1,0,2
BRDA:63,2,0,2
BRDA:68,3,0,1
BRDA:68,3,1,1
BRDA:69,4,0,0
BRDA:69,4,1,2
BRDA:70,5,0,0
BRDA:70,5,1,2
BRDA:87,6,0,0
BRDA:87,6,1,2
BRDA:87,7,0,2
BRDA:87,7,1,2
BRDA:95,8,0,2
BRDA:95,8,1,0
BRDA:96,9,0,2
BRDA:96,9,1,0
BRF:17
BRH:12
end_of_record
TN:
SF:repositories/usersRepository.ts
FN:25,createUsersRepository
FN:27,getCurrentUser
FN:38,getProfile
FN:51,follow
FN:65,unfollow
FNF:5
FNH:5
FNDA:14,createUsersRepository
FNDA:2,getCurrentUser
FNDA:1,getProfile
FNDA:1,follow
FNDA:1,unfollow
DA:28,2
DA:30,2
DA:31,1
DA:32,1
DA:35,1
DA:39,1
DA:43,1
DA:44,0
DA:45,0
DA:48,1
DA:52,1
DA:57,1
DA:58,0
DA:59,0
DA:62,1
DA:66,1
DA:71,1
DA:72,0
DA:73,0
DA:76,1
DA:79,14
LF:21
LH:15
BRDA:30,0,0,1
BRDA:30,0,1,1
BRDA:35,1,0,1
BRDA:35,1,1,0
BRDA:43,2,0,0
BRDA:43,2,1,1
BRDA:48,3,0,1
BRDA:48,3,1,0
BRDA:57,4,0,0
BRDA:57,4,1,1
BRDA:62,5,0,1
BRDA:62,5,1,0
BRDA:71,6,0,0
BRDA:71,6,1,1
BRDA:76,7,0,1
BRDA:76,7,1,0
BRF:16
BRH:9
end_of_record
TN:
SF:transforms/imageUrl.ts
FN:13,resolveImageUrl
FN:36,transformImageUrlsDeep
FN:40,(anonymous_2)
FN:53,(anonymous_3)
FNF:4
FNH:4
FNDA:16,resolveImageUrl
FNDA:85,transformImageUrlsDeep
FNDA:8,(anonymous_2)
FNDA:2,(anonymous_3)
DA:14,16
DA:17,16
DA:18,0
DA:22,16
DA:26,1
DA:37,85
DA:39,85
DA:40,42
DA:43,43
DA:44,43
DA:46,43
DA:48,195
DA:49,14
DA:50,181
DA:53,7
DA:54,2
DA:55,2
DA:57,0
DA:59,174
DA:62,63
DA:65,111
DA:69,43
DA:72,0
LF:23
LH:20
BRDA:14,0,0,0
BRDA:14,0,1,16
BRDA:17,1,0,0
BRDA:17,1,1,16
BRDA:17,2,0,16
BRDA:17,2,1,16
BRDA:37,3,0,0
BRDA:37,3,1,85
BRDA:37,4,0,85
BRDA:37,4,1,85
BRDA:39,5,0,42
BRDA:39,5,1,43
BRDA:43,6,0,43
BRDA:43,6,1,0
BRDA:48,7,0,14
BRDA:48,7,1,181
BRDA:48,8,0,195
BRDA:48,8,1,28
BRDA:50,9,0,7
BRDA:50,9,1,174
BRDA:52,10,0,181
BRDA:52,10,1,7
BRDA:54,11,0,2
BRDA:54,11,1,0
BRDA:54,12,0,2
BRDA:54,12,1,2
BRDA:54,12,2,2
BRDA:59,13,0,63
BRDA:59,13,1,111
BRDA:61,14,0,174
BRDA:61,14,1,159
BRF:31
BRH:26
end_of_record
TN:
SF:types/article.ts
FNF:0
FNH:0
LF:0
LH:0
BRF:0
BRH:0
end_of_record
TN:
SF:types/common.ts
FNF:0
FNH:0
LF:0
LH:0
BRF:0
BRH:0
end_of_record
TN:
SF:types/index.ts
FNF:0
FNH:0
LF:0
LH:0
BRF:0
BRH:0
end_of_record
TN:
SF:types/user.ts
FNF:0
FNH:0
LF:0
LH:0
BRF:0
BRH:0
end_of_record
